This file contains any messages produced by compilers while
running configure, to aid debugging if configure makes a mistake.

It was created by pygtksourceview configure 2.10.1, which was
generated by GNU Autoconf 2.72.  Invocation command line was

  $ ./configure 'CFLAGS=-g -O2 -Werror=implicit-function-declaration -ffile-prefix-map=/home/thread/dev/meld/git/threader/meld-1.8/deps/pygtksourceview_2.10.1/pygtksourceview-2.10.1=. -fstack-protector-strong -fstack-clash-protection -Wformat -Werror=format-security -fcf-protection' 'CXXFLAGS=-g -O2 -ffile-prefix-map=/home/thread/dev/meld/git/threader/meld-1.8/deps/pygtksourceview_2.10.1/pygtksourceview-2.10.1=. -fstack-protector-strong -fstack-clash-protection -Wformat -Werror=format-security -fcf-protection' 'CPPFLAGS=-Wdate-time -D_FORTIFY_SOURCE=2' LDFLAGS=-Wl,-z,relro PYTHON= /home/thread/dev/meld/git/threader/meld-1.8/deps/pygtksourceview_2.10.1/pygtksourceview-2.10.1/./configure --build=x86_64-linux-gnu --prefix=/usr '--includedir=${prefix}/include' '--mandir=${prefix}/share/man' '--infodir=${prefix}/share/info' --sysconfdir=/etc --localstatedir=/var '--libexecdir=${prefix}/lib/pygtksourceview' --disable-maintainer-mode --disable-dependency-tracking --disable-silent-rules

## --------- ##
## Platform. ##
## --------- ##

hostname = actop
uname -m = x86_64
uname -r = 6.11.2-rt-amd64
uname -s = Linux
uname -v = #1 SMP PREEMPT_RT Debian 6.11.2-1 (2024-10-05)

/usr/bin/uname -p = unknown
/bin/uname -X     = unknown

/bin/arch              = x86_64
/usr/bin/arch -k       = unknown
/usr/convex/getsysinfo = unknown
/usr/bin/hostinfo      = unknown
/bin/machine           = unknown
/usr/bin/oslevel       = unknown
/bin/universe          = unknown

PATH: /usr/local/sbin/
PATH: /usr/local/bin/
PATH: /usr/sbin/
PATH: /usr/bin/
PATH: /sbin/
PATH: /bin/
PATH: /usr/local/games/
PATH: /usr/games/


## ----------- ##
## Core tests. ##
## ----------- ##

configure:2514: looking for aux files: compile ltmain.sh config.guess config.sub missing install-sh
configure:2527:  trying ./
configure:2556:   ./compile found
configure:2556:   ./ltmain.sh found
configure:2556:   ./config.guess found
configure:2556:   ./config.sub found
configure:2556:   ./missing found
configure:2538:   ./install-sh found
configure:2701: checking for a BSD-compatible install
configure:2775: result: /usr/bin/install -c
configure:2786: checking whether build environment is sane
configure:2841: result: yes
configure:2897: checking for /home/thread/dev/meld/git/threader/meld-1.8/deps/pygtksourceview_2.10.1/pygtksourceview-2.10.1/./configure-strip
configure:2933: result: no
configure:2943: checking for strip
configure:2964: found /usr/bin/strip
configure:2976: result: strip
configure:2988: WARNING: using cross tools not prefixed with host triplet
configure:3002: checking for a race-free mkdir -p
configure:3045: result: /usr/bin/mkdir -p
configure:3052: checking for gawk
configure:3073: found /usr/bin/gawk
configure:3085: result: gawk
configure:3096: checking whether make sets $(MAKE)
configure:3120: result: yes
configure:3150: checking whether make supports nested variables
configure:3169: result: yes
configure:3315: checking build system type
configure:3331: result: x86_64-pc-linux-gnu
configure:3351: checking host system type
configure:3361: error: /bin/bash ./config.sub /home/thread/dev/meld/git/threader/meld-1.8/deps/pygtksourceview_2.10.1/pygtksourceview-2.10.1/./configure failed

## ---------------- ##
## Cache variables. ##
## ---------------- ##

ac_cv_build=x86_64-pc-linux-gnu
ac_cv_env_CC_set=
ac_cv_env_CC_value=
ac_cv_env_CFLAGS_set=set
ac_cv_env_CFLAGS_value='-g -O2 -Werror=implicit-function-declaration -ffile-prefix-map=/home/thread/dev/meld/git/threader/meld-1.8/deps/pygtksourceview_2.10.1/pygtksourceview-2.10.1=. -fstack-protector-strong -fstack-clash-protection -Wformat -Werror=format-security -fcf-protection'
ac_cv_env_CPPFLAGS_set=set
ac_cv_env_CPPFLAGS_value='-Wdate-time -D_FORTIFY_SOURCE=2'
ac_cv_env_CPP_set=
ac_cv_env_CPP_value=
ac_cv_env_GTKDOC_DEPS_CFLAGS_set=
ac_cv_env_GTKDOC_DEPS_CFLAGS_value=
ac_cv_env_GTKDOC_DEPS_LIBS_set=
ac_cv_env_GTKDOC_DEPS_LIBS_value=
ac_cv_env_LDFLAGS_set=set
ac_cv_env_LDFLAGS_value=-Wl,-z,relro
ac_cv_env_LIBS_set=
ac_cv_env_LIBS_value=
ac_cv_env_LT_SYS_LIBRARY_PATH_set=
ac_cv_env_LT_SYS_LIBRARY_PATH_value=
ac_cv_env_PKG_CONFIG_LIBDIR_set=
ac_cv_env_PKG_CONFIG_LIBDIR_value=
ac_cv_env_PKG_CONFIG_PATH_set=
ac_cv_env_PKG_CONFIG_PATH_value=
ac_cv_env_PKG_CONFIG_set=
ac_cv_env_PKG_CONFIG_value=
ac_cv_env_PYGOBJECT_CFLAGS_set=
ac_cv_env_PYGOBJECT_CFLAGS_value=
ac_cv_env_PYGOBJECT_LIBS_set=
ac_cv_env_PYGOBJECT_LIBS_value=
ac_cv_env_PYGTKSOURCEVIEW_CFLAGS_set=
ac_cv_env_PYGTKSOURCEVIEW_CFLAGS_value=
ac_cv_env_PYGTKSOURCEVIEW_LIBS_set=
ac_cv_env_PYGTKSOURCEVIEW_LIBS_value=
ac_cv_env_PYTHON_set=set
ac_cv_env_PYTHON_value=
ac_cv_env_build_alias_set=set
ac_cv_env_build_alias_value=x86_64-linux-gnu
ac_cv_env_host_alias_set=set
ac_cv_env_host_alias_value=/home/thread/dev/meld/git/threader/meld-1.8/deps/pygtksourceview_2.10.1/pygtksourceview-2.10.1/./configure
ac_cv_env_target_alias_set=set
ac_cv_env_target_alias_value=/home/thread/dev/meld/git/threader/meld-1.8/deps/pygtksourceview_2.10.1/pygtksourceview-2.10.1/./configure
ac_cv_host=
ac_cv_path_install='/usr/bin/install -c'
ac_cv_path_mkdir=/usr/bin/mkdir
ac_cv_prog_AWK=gawk
ac_cv_prog_ac_ct_STRIP=strip
ac_cv_prog_make_make_set=yes
am_cv_make_support_nested_variables=yes

## ----------------- ##
## Output variables. ##
## ----------------- ##

ACLOCAL='${SHELL} '\''/home/thread/dev/meld/git/threader/meld-1.8/deps/pygtksourceview_2.10.1/pygtksourceview-2.10.1/missing'\'' aclocal-1.16 '
AMDEPBACKSLASH=''
AMDEP_FALSE=''
AMDEP_TRUE=''
AMTAR='$${TAR-tar}'
AM_BACKSLASH='\'
AM_DEFAULT_V='$(AM_DEFAULT_VERBOSITY)'
AM_DEFAULT_VERBOSITY='1'
AM_V='$(V)'
AR=''
AS=''
AUTOCONF='${SHELL} '\''/home/thread/dev/meld/git/threader/meld-1.8/deps/pygtksourceview_2.10.1/pygtksourceview-2.10.1/missing'\'' autoconf'
AUTOHEADER='${SHELL} '\''/home/thread/dev/meld/git/threader/meld-1.8/deps/pygtksourceview_2.10.1/pygtksourceview-2.10.1/missing'\'' autoheader'
AUTOMAKE='${SHELL} '\''/home/thread/dev/meld/git/threader/meld-1.8/deps/pygtksourceview_2.10.1/pygtksourceview-2.10.1/missing'\'' automake-1.16'
AWK='gawk'
CC=''
CCDEPMODE=''
CFLAGS='-g -O2 -Werror=implicit-function-declaration -ffile-prefix-map=/home/thread/dev/meld/git/threader/meld-1.8/deps/pygtksourceview_2.10.1/pygtksourceview-2.10.1=. -fstack-protector-strong -fstack-clash-protection -Wformat -Werror=format-security -fcf-protection'
CODEGEN=''
CPP=''
CPPFLAGS='-Wdate-time -D_FORTIFY_SOURCE=2'
CSCOPE='cscope'
CTAGS='ctags'
CYGPATH_W='echo'
DEFS=''
DEPDIR=''
DLLTOOL=''
DSYMUTIL=''
DUMPBIN=''
ECHO_C=''
ECHO_N='-n'
ECHO_T=''
EGREP=''
ENABLE_DOCS_FALSE=''
ENABLE_DOCS_TRUE=''
ENABLE_GTK_DOC_FALSE=''
ENABLE_GTK_DOC_TRUE=''
ETAGS='etags'
EXEEXT=''
FGREP=''
FILECMD=''
GREP=''
GTKDOC_CHECK=''
GTKDOC_CHECK_PATH=''
GTKDOC_DEPS_CFLAGS=''
GTKDOC_DEPS_LIBS=''
GTKDOC_MKPDF=''
GTKDOC_REBASE=''
GTK_DOC_BUILD_HTML_FALSE=''
GTK_DOC_BUILD_HTML_TRUE=''
GTK_DOC_BUILD_PDF_FALSE=''
GTK_DOC_BUILD_PDF_TRUE=''
GTK_DOC_USE_LIBTOOL_FALSE=''
GTK_DOC_USE_LIBTOOL_TRUE=''
GTK_DOC_USE_REBASE_FALSE=''
GTK_DOC_USE_REBASE_TRUE=''
HAVE_GTK_DOC_FALSE=''
HAVE_GTK_DOC_TRUE=''
HTML_DIR=''
INSTALL_DATA='${INSTALL} -m 644'
INSTALL_PROGRAM='${INSTALL}'
INSTALL_SCRIPT='${INSTALL}'
INSTALL_STRIP_PROGRAM='$(install_sh) -c -s'
LD=''
LDFLAGS='-Wl,-z,relro'
LIBOBJS=''
LIBS=''
LIBTOOL=''
LIPO=''
LN_S=''
LTLIBOBJS=''
LT_SYS_LIBRARY_PATH=''
MAKEINFO='${SHELL} '\''/home/thread/dev/meld/git/threader/meld-1.8/deps/pygtksourceview_2.10.1/pygtksourceview-2.10.1/missing'\'' makeinfo'
MANIFEST_TOOL=''
MKDIR_P='/usr/bin/mkdir -p'
NM=''
NMEDIT=''
OBJDUMP=''
OBJEXT=''
OS_WIN32_FALSE=''
OS_WIN32_TRUE=''
OTOOL64=''
OTOOL=''
PACKAGE='pygtksourceview'
PACKAGE_BUGREPORT='http://bugzilla.gnome.org/browse.cgi?product=gtksourceview/'
PACKAGE_NAME='pygtksourceview'
PACKAGE_STRING='pygtksourceview 2.10.1'
PACKAGE_TARNAME='pygtksourceview'
PACKAGE_URL=''
PACKAGE_VERSION='2.10.1'
PATH_SEPARATOR=':'
PKG_CONFIG=''
PKG_CONFIG_LIBDIR=''
PKG_CONFIG_PATH=''
PLATFORM_WIN32_FALSE=''
PLATFORM_WIN32_TRUE=''
PYGOBJECT_CFLAGS=''
PYGOBJECT_DATADIR=''
PYGOBJECT_FIXXREF=''
PYGOBJECT_INCLUDEDIR=''
PYGOBJECT_LIBS=''
PYGOBJECT_PYGDOCS=''
PYGTKSOURCEVIEW_CFLAGS=''
PYGTKSOURCEVIEW_LIBS=''
PYGTK_DATADIR=''
PYTHON=''
PYTHON_EXEC_PREFIX=''
PYTHON_EXTRA_LDFLAGS=''
PYTHON_EXTRA_LIBS=''
PYTHON_INCLUDES=''
PYTHON_LDFLAGS=''
PYTHON_LIBS=''
PYTHON_PLATFORM=''
PYTHON_PREFIX=''
PYTHON_VERSION=''
RANLIB=''
SED=''
SET_MAKE=''
SHELL='/bin/bash'
STRIP='strip'
VERSION='2.10.1'
XSLTPROC=''
ac_ct_AR=''
ac_ct_CC=''
ac_ct_DUMPBIN=''
am__EXEEXT_FALSE=''
am__EXEEXT_TRUE=''
am__fastdepCC_FALSE=''
am__fastdepCC_TRUE=''
am__include=''
am__isrc=''
am__leading_dot='.'
am__nodep=''
am__quote=''
am__tar='$${TAR-tar} chof - "$$tardir"'
am__untar='$${TAR-tar} xf -'
bindir='${exec_prefix}/bin'
build='x86_64-pc-linux-gnu'
build_alias='x86_64-linux-gnu'
build_cpu='x86_64'
build_os='linux-gnu'
build_vendor='pc'
datadir='${datarootdir}'
datarootdir='${prefix}/share'
docdir='${datarootdir}/doc/${PACKAGE_TARNAME}'
dvidir='${docdir}'
exec_prefix='NONE'
host='/home/thread/dev/meld/git/threader/meld-1.8/deps/pygtksourceview_2.10.1/pygtksourceview-2.10.1/./configure'
host_alias='/home/thread/dev/meld/git/threader/meld-1.8/deps/pygtksourceview_2.10.1/pygtksourceview-2.10.1/./configure'
host_cpu=''
host_os=''
host_vendor=''
htmldir='${docdir}'
includedir='${prefix}/include'
infodir='${prefix}/share/info'
install_sh='${SHELL} /home/thread/dev/meld/git/threader/meld-1.8/deps/pygtksourceview_2.10.1/pygtksourceview-2.10.1/install-sh'
libdir='${exec_prefix}/lib'
libexecdir='${prefix}/lib/pygtksourceview'
localedir='${datarootdir}/locale'
localstatedir='/var'
mandir='${prefix}/share/man'
mkdir_p='$(MKDIR_P)'
oldincludedir='/usr/include'
pdfdir='${docdir}'
pkgpyexecdir=''
pkgpythondir=''
prefix='/usr'
program_transform_name='s,x,x,'
psdir='${docdir}'
pyexecdir=''
pythondir=''
runstatedir='${localstatedir}/run'
sbindir='${exec_prefix}/sbin'
sharedstatedir='${prefix}/com'
sysconfdir='/etc'
target_alias='/home/thread/dev/meld/git/threader/meld-1.8/deps/pygtksourceview_2.10.1/pygtksourceview-2.10.1/./configure'

## ----------- ##
## confdefs.h. ##
## ----------- ##

/* confdefs.h */
#define PACKAGE_NAME "pygtksourceview"
#define PACKAGE_TARNAME "pygtksourceview"
#define PACKAGE_VERSION "2.10.1"
#define PACKAGE_STRING "pygtksourceview 2.10.1"
#define PACKAGE_BUGREPORT "http://bugzilla.gnome.org/browse.cgi?product=gtksourceview/"
#define PACKAGE_URL ""
#define PYGTKSOURCEVIEW_MAJOR_VERSION 2
#define PYGTKSOURCEVIEW_MINOR_VERSION 10
#define PYGTKSOURCEVIEW_MICRO_VERSION 1
#define PACKAGE "pygtksourceview"
#define VERSION "2.10.1"

configure: exit 1
