R.lang validates
ada.lang validates
asp.lang validates
awk.lang validates
bibtex.lang validates
boo.lang validates
c.lang validates
cg.lang validates
changelog.lang validates
chdr.lang validates
cmake.lang validates
cpp.lang validates
csharp.lang validates
css.lang validates
cuda.lang validates
d.lang validates
def.lang validates
desktop.lang validates
diff.lang validates
docbook.lang validates
dosbatch.lang validates
dot.lang validates
dpatch.lang validates
dtd.lang validates
eiffel.lang validates
erlang.lang validates
fcl.lang validates
forth.lang validates
fortran.lang validates
fsharp.lang validates
gap.lang validates
glsl.lang validates
gtk-doc.lang validates
gtkrc.lang validates
haddock.lang validates
haskell-literate.lang validates
haskell.lang validates
html.lang validates
idl.lang validates
ini.lang validates
java.lang validates
javascript.lang validates
latex.lang validates
libtool.lang validates
lua.lang validates
m4.lang validates
makefile.lang validates
mallard.lang validates
nemerle.lang validates
nsis.lang validates
objc.lang validates
ocaml.lang validates
ocl.lang validates
octave.lang validates
ooc.lang validates
pascal.lang validates
perl.lang validates
php.lang validates
pkgconfig.lang validates
po.lang validates
prolog.lang validates
python.lang validates
rpmspec.lang validates
ruby.lang validates
scheme.lang validates
sh.lang validates
sparql.lang validates
sql.lang validates
t2t.lang validates
tcl.lang validates
texinfo.lang validates
vala.lang validates
vbnet.lang validates
verilog.lang validates
vhdl.lang validates
xml.lang validates
xslt.lang validates
yacc.lang validates
classic.xml validates
cobalt.xml validates
kate.xml validates
oblivion.xml validates
tango.xml validates
PASS check.sh (exit status: 0)
