This file contains any messages produced by compilers while
running configure, to aid debugging if configure makes a mistake.

It was created by gtksourceview configure 2.10.5, which was
generated by GNU Autoconf 2.72.  Invocation command line was

  $ ./configure --build=x86_64-linux-gnu --prefix=/usr '--includedir=${prefix}/include' '--mandir=${prefix}/share/man' '--infodir=${prefix}/share/info' --sysconfdir=/etc --localstatedir=/var --disable-option-checking --disable-silent-rules '--libdir=${prefix}/lib/x86_64-linux-gnu' '--libexecdir=${prefix}/lib/x86_64-linux-gnu' --disable-maintainer-mode --disable-dependency-tracking --enable-static

## --------- ##
## Platform. ##
## --------- ##

hostname = actop
uname -m = x86_64
uname -r = 6.11.2-rt-amd64
uname -s = Linux
uname -v = #1 SMP PREEMPT_RT Debian 6.11.2-1 (2024-10-05)

/usr/bin/uname -p = unknown
/bin/uname -X     = unknown

/bin/arch              = x86_64
/usr/bin/arch -k       = unknown
/usr/convex/getsysinfo = unknown
/usr/bin/hostinfo      = unknown
/bin/machine           = unknown
/usr/bin/oslevel       = unknown
/bin/universe          = unknown

PATH: /usr/local/sbin/
PATH: /usr/local/bin/
PATH: /usr/sbin/
PATH: /usr/bin/
PATH: /sbin/
PATH: /bin/
PATH: /usr/local/games/
PATH: /usr/games/


## ----------- ##
## Core tests. ##
## ----------- ##

configure:2499: looking for aux files: config.guess config.sub ltmain.sh compile missing install-sh
configure:2512:  trying ./
configure:2541:   ./config.guess found
configure:2541:   ./config.sub found
configure:2541:   ./ltmain.sh found
configure:2541:   ./compile found
configure:2541:   ./missing found
configure:2523:   ./install-sh found
configure:2677: checking for a BSD-compatible install
configure:2751: result: /usr/bin/install -c
configure:2762: checking whether build environment is sane
configure:2817: result: yes
configure:2978: checking for a race-free mkdir -p
configure:3021: result: /usr/bin/mkdir -p
configure:3028: checking for gawk
configure:3049: found /usr/bin/gawk
configure:3061: result: gawk
configure:3072: checking whether make sets $(MAKE)
configure:3096: result: yes
configure:3126: checking whether make supports nested variables
configure:3145: result: yes
configure:3282: checking whether to enable maintainer-specific portions of Makefiles
configure:3293: result: no
configure:3319: checking whether make supports nested variables
configure:3338: result: yes
configure:3414: checking for gcc
configure:3435: found /usr/bin/gcc
configure:3447: result: gcc
configure:3806: checking for C compiler version
configure:3815: gcc --version >&5
gcc (Debian 14.2.0-6) 14.2.0
Copyright (C) 2024 Free Software Foundation, Inc.
This is free software; see the source for copying conditions.  There is NO
warranty; not even for MERCHANTABILITY or FITNESS FOR A PARTICULAR PURPOSE.

configure:3826: $? = 0
configure:3815: gcc -v >&5
Using built-in specs.
COLLECT_GCC=gcc
COLLECT_LTO_WRAPPER=/usr/libexec/gcc/x86_64-linux-gnu/14/lto-wrapper
OFFLOAD_TARGET_NAMES=nvptx-none:amdgcn-amdhsa
OFFLOAD_TARGET_DEFAULT=1
Target: x86_64-linux-gnu
Configured with: ../src/configure -v --with-pkgversion='Debian 14.2.0-6' --with-bugurl=file:///usr/share/doc/gcc-14/README.Bugs --enable-languages=c,ada,c++,go,d,fortran,objc,obj-c++,m2,rust --prefix=/usr --with-gcc-major-version-only --program-suffix=-14 --program-prefix=x86_64-linux-gnu- --enable-shared --enable-linker-build-id --libexecdir=/usr/libexec --without-included-gettext --enable-threads=posix --libdir=/usr/lib --enable-nls --enable-bootstrap --enable-clocale=gnu --enable-libstdcxx-debug --enable-libstdcxx-time=yes --with-default-libstdcxx-abi=new --enable-libstdcxx-backtrace --enable-gnu-unique-object --disable-vtable-verify --enable-plugin --enable-default-pie --with-system-zlib --enable-libphobos-checking=release --with-target-system-zlib=auto --enable-objc-gc=auto --enable-multiarch --disable-werror --enable-cet --with-arch-32=i686 --with-abi=m64 --with-multilib-list=m32,m64,mx32 --enable-multilib --with-tune=generic --enable-offload-targets=nvptx-none=/build/reproducible-path/gcc-14-14.2.0/debian/tmp-nvptx/usr,amdgcn-amdhsa=/build/reproducible-path/gcc-14-14.2.0/debian/tmp-gcn/usr --enable-offload-defaulted --without-cuda-driver --enable-checking=release --build=x86_64-linux-gnu --host=x86_64-linux-gnu --target=x86_64-linux-gnu --with-build-config=bootstrap-lto-lean --enable-link-serialization=3
Thread model: posix
Supported LTO compression algorithms: zlib zstd
gcc version 14.2.0 (Debian 14.2.0-6) 
... rest of stderr output deleted ...
configure:3826: $? = 0
configure:3815: gcc -V >&5
gcc: error: unrecognized command-line option '-V'
gcc: fatal error: no input files
compilation terminated.
configure:3826: $? = 1
configure:3815: gcc -qversion >&5
gcc: error: unrecognized command-line option '-qversion'; did you mean '--version'?
gcc: fatal error: no input files
compilation terminated.
configure:3826: $? = 1
configure:3815: gcc -version >&5
gcc: error: unrecognized command-line option '-version'
gcc: fatal error: no input files
compilation terminated.
configure:3826: $? = 1
configure:3846: checking whether the C compiler works
configure:3868: gcc -g -O2 -Werror=implicit-function-declaration -ffile-prefix-map=/home/thread/dev/meld/git/threader/meld-1.8/deps/tempm/gtksourceview2-2.10.5=. -fstack-protector-strong -fstack-clash-protection -Wformat -Werror=format-security -fcf-protection -Wdate-time -D_FORTIFY_SOURCE=2 -Wl,-z,relro -Wl,-z,defs -Wl,-O1 -Wl,--as-needed conftest.c  >&5
configure:3872: $? = 0
configure:3923: result: yes
configure:3927: checking for C compiler default output file name
configure:3929: result: a.out
configure:3935: checking for suffix of executables
configure:3942: gcc -o conftest -g -O2 -Werror=implicit-function-declaration -ffile-prefix-map=/home/thread/dev/meld/git/threader/meld-1.8/deps/tempm/gtksourceview2-2.10.5=. -fstack-protector-strong -fstack-clash-protection -Wformat -Werror=format-security -fcf-protection -Wdate-time -D_FORTIFY_SOURCE=2 -Wl,-z,relro -Wl,-z,defs -Wl,-O1 -Wl,--as-needed conftest.c  >&5
configure:3946: $? = 0
configure:3970: result: 
configure:3994: checking whether we are cross compiling
configure:4002: gcc -o conftest -g -O2 -Werror=implicit-function-declaration -ffile-prefix-map=/home/thread/dev/meld/git/threader/meld-1.8/deps/tempm/gtksourceview2-2.10.5=. -fstack-protector-strong -fstack-clash-protection -Wformat -Werror=format-security -fcf-protection -Wdate-time -D_FORTIFY_SOURCE=2 -Wl,-z,relro -Wl,-z,defs -Wl,-O1 -Wl,--as-needed conftest.c  >&5
configure:4006: $? = 0
configure:4013: ./conftest
configure:4017: $? = 0
configure:4032: result: no
configure:4038: checking for suffix of object files
configure:4061: gcc -c -g -O2 -Werror=implicit-function-declaration -ffile-prefix-map=/home/thread/dev/meld/git/threader/meld-1.8/deps/tempm/gtksourceview2-2.10.5=. -fstack-protector-strong -fstack-clash-protection -Wformat -Werror=format-security -fcf-protection -Wdate-time -D_FORTIFY_SOURCE=2 conftest.c >&5
configure:4065: $? = 0
configure:4089: result: o
configure:4093: checking whether the compiler supports GNU C
configure:4113: gcc -c -g -O2 -Werror=implicit-function-declaration -ffile-prefix-map=/home/thread/dev/meld/git/threader/meld-1.8/deps/tempm/gtksourceview2-2.10.5=. -fstack-protector-strong -fstack-clash-protection -Wformat -Werror=format-security -fcf-protection -Wdate-time -D_FORTIFY_SOURCE=2 conftest.c >&5
configure:4113: $? = 0
configure:4125: result: yes
configure:4136: checking whether gcc accepts -g
configure:4157: gcc -c -g -Wdate-time -D_FORTIFY_SOURCE=2 conftest.c >&5
configure:4157: $? = 0
configure:4204: result: yes
configure:4224: checking for gcc option to enable C11 features
configure:4239: gcc  -c -g -O2 -Werror=implicit-function-declaration -ffile-prefix-map=/home/thread/dev/meld/git/threader/meld-1.8/deps/tempm/gtksourceview2-2.10.5=. -fstack-protector-strong -fstack-clash-protection -Wformat -Werror=format-security -fcf-protection -Wdate-time -D_FORTIFY_SOURCE=2 conftest.c >&5
configure:4239: $? = 0
configure:4258: result: none needed
configure:4382: checking whether gcc understands -c and -o together
configure:4405: gcc -c conftest.c -o conftest2.o
configure:4408: $? = 0
configure:4405: gcc -c conftest.c -o conftest2.o
configure:4408: $? = 0
configure:4421: result: yes
configure:4441: checking whether make supports the include directive
configure:4456: make -f confmf.GNU && cat confinc.out
make[2]: Entering directory '/home/thread/dev/meld/git/threader/meld-1.8/deps/tempm/gtksourceview2-2.10.5'
make[2]: Leaving directory '/home/thread/dev/meld/git/threader/meld-1.8/deps/tempm/gtksourceview2-2.10.5'
this is the am__doit target
configure:4459: $? = 0
configure:4478: result: yes (GNU style)
configure:4504: checking dependency style of gcc
configure:4617: result: none
configure:4668: checking build system type
configure:4684: result: x86_64-pc-linux-gnu
configure:4704: checking host system type
configure:4719: result: x86_64-pc-linux-gnu
configure:4760: checking how to print strings
configure:4787: result: printf
configure:4808: checking for a sed that does not truncate output
configure:4880: result: /usr/bin/sed
configure:4898: checking for grep that handles long lines and -e
configure:4964: result: /usr/bin/grep
configure:4969: checking for egrep
configure:5039: result: /usr/bin/grep -E
configure:5046: checking for fgrep
configure:5116: result: /usr/bin/grep -F
configure:5153: checking for ld used by gcc
configure:5222: result: /usr/bin/ld
configure:5229: checking if the linker (/usr/bin/ld) is GNU ld
configure:5246: result: yes
configure:5258: checking for BSD- or MS-compatible name lister (nm)
configure:5314: result: /usr/bin/nm -B
configure:5456: checking the name lister (/usr/bin/nm -B) interface
configure:5464: gcc -c -g -O2 -Werror=implicit-function-declaration -ffile-prefix-map=/home/thread/dev/meld/git/threader/meld-1.8/deps/tempm/gtksourceview2-2.10.5=. -fstack-protector-strong -fstack-clash-protection -Wformat -Werror=format-security -fcf-protection -Wdate-time -D_FORTIFY_SOURCE=2 conftest.c >&5
configure:5467: /usr/bin/nm -B "conftest.o"
configure:5470: output
0000000000000000 B some_variable
configure:5478: result: BSD nm
configure:5481: checking whether ln -s works
configure:5485: result: yes
configure:5493: checking the maximum length of command line arguments
configure:5626: result: 1572864
configure:5674: checking how to convert x86_64-pc-linux-gnu file names to x86_64-pc-linux-gnu format
configure:5716: result: func_convert_file_noop
configure:5723: checking how to convert x86_64-pc-linux-gnu file names to toolchain format
configure:5745: result: func_convert_file_noop
configure:5752: checking for /usr/bin/ld option to reload object files
configure:5761: result: -r
configure:5841: checking for file
configure:5862: found /usr/bin/file
configure:5874: result: file
configure:5951: checking for objdump
configure:5972: found /usr/bin/objdump
configure:5984: result: objdump
configure:6016: checking how to recognize dependent libraries
configure:6218: result: pass_all
configure:6309: checking for dlltool
configure:6345: result: no
configure:6375: checking how to associate runtime and link libraries
configure:6404: result: printf %s\n
configure:6471: checking for ar
configure:6492: found /usr/bin/ar
configure:6504: result: ar
configure:6557: checking for archiver @FILE support
configure:6575: gcc -c -g -O2 -Werror=implicit-function-declaration -ffile-prefix-map=/home/thread/dev/meld/git/threader/meld-1.8/deps/tempm/gtksourceview2-2.10.5=. -fstack-protector-strong -fstack-clash-protection -Wformat -Werror=format-security -fcf-protection -Wdate-time -D_FORTIFY_SOURCE=2 conftest.c >&5
configure:6575: $? = 0
configure:6579: ar cr libconftest.a @conftest.lst >&5
configure:6582: $? = 0
configure:6587: ar cr libconftest.a @conftest.lst >&5
ar: conftest.o: No such file or directory
configure:6590: $? = 1
configure:6603: result: @
configure:6667: checking for strip
configure:6688: found /usr/bin/strip
configure:6700: result: strip
configure:6778: checking for ranlib
configure:6799: found /usr/bin/ranlib
configure:6811: result: ranlib
configure:6913: checking command to parse /usr/bin/nm -B output from gcc object
configure:7067: gcc -c -g -O2 -Werror=implicit-function-declaration -ffile-prefix-map=/home/thread/dev/meld/git/threader/meld-1.8/deps/tempm/gtksourceview2-2.10.5=. -fstack-protector-strong -fstack-clash-protection -Wformat -Werror=format-security -fcf-protection -Wdate-time -D_FORTIFY_SOURCE=2 conftest.c >&5
configure:7070: $? = 0
configure:7074: /usr/bin/nm -B conftest.o | /usr/bin/sed -n -e 's/^.*[	 ]\([ABCDGIRSTW][ABCDGIRSTW]*\)[	 ][	 ]*\([_A-Za-z][_A-Za-z0-9]*\)$/\1 \2 \2/p' | /usr/bin/sed '/ __gnu_lto/d' > conftest.nm
configure:7140: gcc -o conftest -g -O2 -Werror=implicit-function-declaration -ffile-prefix-map=/home/thread/dev/meld/git/threader/meld-1.8/deps/tempm/gtksourceview2-2.10.5=. -fstack-protector-strong -fstack-clash-protection -Wformat -Werror=format-security -fcf-protection -Wdate-time -D_FORTIFY_SOURCE=2 -Wl,-z,relro -Wl,-z,defs -Wl,-O1 -Wl,--as-needed conftest.c conftstm.o >&5
configure:7143: $? = 0
configure:7182: result: ok
configure:7229: checking for sysroot
configure:7261: result: no
configure:7268: checking for a working dd
configure:7313: result: /usr/bin/dd
configure:7317: checking how to truncate binary pipes
configure:7334: result: /usr/bin/dd bs=4096 count=1
configure:7471: gcc -c -g -O2 -Werror=implicit-function-declaration -ffile-prefix-map=/home/thread/dev/meld/git/threader/meld-1.8/deps/tempm/gtksourceview2-2.10.5=. -fstack-protector-strong -fstack-clash-protection -Wformat -Werror=format-security -fcf-protection -Wdate-time -D_FORTIFY_SOURCE=2 conftest.c >&5
configure:7474: $? = 0
configure:7674: checking for mt
configure:7695: found /usr/bin/mt
configure:7707: result: mt
configure:7730: checking if mt is a manifest tool
configure:7737: mt '-?'
configure:7746: result: no
configure:8485: checking for stdio.h
configure:8485: gcc -c -g -O2 -Werror=implicit-function-declaration -ffile-prefix-map=/home/thread/dev/meld/git/threader/meld-1.8/deps/tempm/gtksourceview2-2.10.5=. -fstack-protector-strong -fstack-clash-protection -Wformat -Werror=format-security -fcf-protection -Wdate-time -D_FORTIFY_SOURCE=2 conftest.c >&5
configure:8485: $? = 0
configure:8485: result: yes
configure:8485: checking for stdlib.h
configure:8485: gcc -c -g -O2 -Werror=implicit-function-declaration -ffile-prefix-map=/home/thread/dev/meld/git/threader/meld-1.8/deps/tempm/gtksourceview2-2.10.5=. -fstack-protector-strong -fstack-clash-protection -Wformat -Werror=format-security -fcf-protection -Wdate-time -D_FORTIFY_SOURCE=2 conftest.c >&5
configure:8485: $? = 0
configure:8485: result: yes
configure:8485: checking for string.h
configure:8485: gcc -c -g -O2 -Werror=implicit-function-declaration -ffile-prefix-map=/home/thread/dev/meld/git/threader/meld-1.8/deps/tempm/gtksourceview2-2.10.5=. -fstack-protector-strong -fstack-clash-protection -Wformat -Werror=format-security -fcf-protection -Wdate-time -D_FORTIFY_SOURCE=2 conftest.c >&5
configure:8485: $? = 0
configure:8485: result: yes
configure:8485: checking for inttypes.h
configure:8485: gcc -c -g -O2 -Werror=implicit-function-declaration -ffile-prefix-map=/home/thread/dev/meld/git/threader/meld-1.8/deps/tempm/gtksourceview2-2.10.5=. -fstack-protector-strong -fstack-clash-protection -Wformat -Werror=format-security -fcf-protection -Wdate-time -D_FORTIFY_SOURCE=2 conftest.c >&5
configure:8485: $? = 0
configure:8485: result: yes
configure:8485: checking for stdint.h
configure:8485: gcc -c -g -O2 -Werror=implicit-function-declaration -ffile-prefix-map=/home/thread/dev/meld/git/threader/meld-1.8/deps/tempm/gtksourceview2-2.10.5=. -fstack-protector-strong -fstack-clash-protection -Wformat -Werror=format-security -fcf-protection -Wdate-time -D_FORTIFY_SOURCE=2 conftest.c >&5
configure:8485: $? = 0
configure:8485: result: yes
configure:8485: checking for strings.h
configure:8485: gcc -c -g -O2 -Werror=implicit-function-declaration -ffile-prefix-map=/home/thread/dev/meld/git/threader/meld-1.8/deps/tempm/gtksourceview2-2.10.5=. -fstack-protector-strong -fstack-clash-protection -Wformat -Werror=format-security -fcf-protection -Wdate-time -D_FORTIFY_SOURCE=2 conftest.c >&5
configure:8485: $? = 0
configure:8485: result: yes
configure:8485: checking for sys/stat.h
configure:8485: gcc -c -g -O2 -Werror=implicit-function-declaration -ffile-prefix-map=/home/thread/dev/meld/git/threader/meld-1.8/deps/tempm/gtksourceview2-2.10.5=. -fstack-protector-strong -fstack-clash-protection -Wformat -Werror=format-security -fcf-protection -Wdate-time -D_FORTIFY_SOURCE=2 conftest.c >&5
configure:8485: $? = 0
configure:8485: result: yes
configure:8485: checking for sys/types.h
configure:8485: gcc -c -g -O2 -Werror=implicit-function-declaration -ffile-prefix-map=/home/thread/dev/meld/git/threader/meld-1.8/deps/tempm/gtksourceview2-2.10.5=. -fstack-protector-strong -fstack-clash-protection -Wformat -Werror=format-security -fcf-protection -Wdate-time -D_FORTIFY_SOURCE=2 conftest.c >&5
configure:8485: $? = 0
configure:8485: result: yes
configure:8485: checking for unistd.h
configure:8485: gcc -c -g -O2 -Werror=implicit-function-declaration -ffile-prefix-map=/home/thread/dev/meld/git/threader/meld-1.8/deps/tempm/gtksourceview2-2.10.5=. -fstack-protector-strong -fstack-clash-protection -Wformat -Werror=format-security -fcf-protection -Wdate-time -D_FORTIFY_SOURCE=2 conftest.c >&5
configure:8485: $? = 0
configure:8485: result: yes
configure:8510: checking for dlfcn.h
configure:8510: gcc -c -g -O2 -Werror=implicit-function-declaration -ffile-prefix-map=/home/thread/dev/meld/git/threader/meld-1.8/deps/tempm/gtksourceview2-2.10.5=. -fstack-protector-strong -fstack-clash-protection -Wformat -Werror=format-security -fcf-protection -Wdate-time -D_FORTIFY_SOURCE=2 conftest.c >&5
configure:8510: $? = 0
configure:8510: result: yes
configure:8774: checking for objdir
configure:8791: result: .libs
configure:9057: checking if gcc supports -fno-rtti -fno-exceptions
configure:9076: gcc -c -g -O2 -Werror=implicit-function-declaration -ffile-prefix-map=/home/thread/dev/meld/git/threader/meld-1.8/deps/tempm/gtksourceview2-2.10.5=. -fstack-protector-strong -fstack-clash-protection -Wformat -Werror=format-security -fcf-protection -Wdate-time -D_FORTIFY_SOURCE=2 -fno-rtti -fno-exceptions conftest.c >&5
cc1: warning: command-line option '-fno-rtti' is valid for C++/D/ObjC++ but not for C
configure:9080: $? = 0
configure:9094: result: no
configure:9458: checking for gcc option to produce PIC
configure:9467: result: -fPIC -DPIC
configure:9475: checking if gcc PIC flag -fPIC -DPIC works
configure:9494: gcc -c -g -O2 -Werror=implicit-function-declaration -ffile-prefix-map=/home/thread/dev/meld/git/threader/meld-1.8/deps/tempm/gtksourceview2-2.10.5=. -fstack-protector-strong -fstack-clash-protection -Wformat -Werror=format-security -fcf-protection -Wdate-time -D_FORTIFY_SOURCE=2 -fPIC -DPIC -DPIC conftest.c >&5
configure:9498: $? = 0
configure:9512: result: yes
configure:9541: checking if gcc static flag -static works
configure:9571: result: yes
configure:9586: checking if gcc supports -c -o file.o
configure:9608: gcc -c -g -O2 -Werror=implicit-function-declaration -ffile-prefix-map=/home/thread/dev/meld/git/threader/meld-1.8/deps/tempm/gtksourceview2-2.10.5=. -fstack-protector-strong -fstack-clash-protection -Wformat -Werror=format-security -fcf-protection -Wdate-time -D_FORTIFY_SOURCE=2 -o out/conftest2.o conftest.c >&5
configure:9612: $? = 0
configure:9635: result: yes
configure:9643: checking if gcc supports -c -o file.o
configure:9692: result: yes
configure:9725: checking whether the gcc linker (/usr/bin/ld -m elf_x86_64) supports shared libraries
configure:11004: result: yes
configure:11041: checking whether -lc should be explicitly linked in
configure:11050: gcc -c -g -O2 -Werror=implicit-function-declaration -ffile-prefix-map=/home/thread/dev/meld/git/threader/meld-1.8/deps/tempm/gtksourceview2-2.10.5=. -fstack-protector-strong -fstack-clash-protection -Wformat -Werror=format-security -fcf-protection -Wdate-time -D_FORTIFY_SOURCE=2 conftest.c >&5
configure:11053: $? = 0
configure:11068: gcc -shared  -fPIC -DPIC conftest.o  -v -Wl,-soname -Wl,conftest -o conftest 2\>\&1 \| /usr/bin/grep  -lc  \>/dev/null 2\>\&1
configure:11071: $? = 0
configure:11086: result: no
configure:11246: checking dynamic linker characteristics
configure:11828: gcc -o conftest -g -O2 -Werror=implicit-function-declaration -ffile-prefix-map=/home/thread/dev/meld/git/threader/meld-1.8/deps/tempm/gtksourceview2-2.10.5=. -fstack-protector-strong -fstack-clash-protection -Wformat -Werror=format-security -fcf-protection -Wdate-time -D_FORTIFY_SOURCE=2 -Wl,-z,relro -Wl,-z,defs -Wl,-O1 -Wl,--as-needed -Wl,-rpath -Wl,/foo conftest.c  >&5
configure:11828: $? = 0
configure:12080: result: GNU/Linux ld.so
configure:12202: checking how to hardcode library paths into programs
configure:12227: result: immediate
configure:12827: checking whether stripping libraries is possible
configure:12836: result: yes
configure:12878: checking if libtool supports shared libraries
configure:12880: result: yes
configure:12883: checking whether to build shared libraries
configure:12908: result: yes
configure:12911: checking whether to build static libraries
configure:12915: result: yes
configure:12954: checking for unistd.h
configure:12954: result: yes
configure:12973: checking for glib-genmarshal
configure:12996: found /usr/bin/glib-genmarshal
configure:13009: result: /usr/bin/glib-genmarshal
configure:13019: checking for glib-mkenums
configure:13042: found /usr/bin/glib-mkenums
configure:13055: result: /usr/bin/glib-mkenums
configure:13125: checking whether gcc understands -Wall
configure:13138: gcc -c -g -O2 -Werror=implicit-function-declaration -ffile-prefix-map=/home/thread/dev/meld/git/threader/meld-1.8/deps/tempm/gtksourceview2-2.10.5=. -fstack-protector-strong -fstack-clash-protection -Wformat -Werror=format-security -fcf-protection -Wall -Wdate-time -D_FORTIFY_SOURCE=2 conftest.c >&5
configure:13138: $? = 0
configure:13147: result: yes
configure:13125: checking whether gcc understands -Wstrict-prototypes
configure:13138: gcc -c -g -O2 -Werror=implicit-function-declaration -ffile-prefix-map=/home/thread/dev/meld/git/threader/meld-1.8/deps/tempm/gtksourceview2-2.10.5=. -fstack-protector-strong -fstack-clash-protection -Wformat -Werror=format-security -fcf-protection -Wstrict-prototypes -Wdate-time -D_FORTIFY_SOURCE=2 conftest.c >&5
configure:13138: $? = 0
configure:13147: result: yes
configure:13125: checking whether gcc understands -Wnested-externs
configure:13138: gcc -c -g -O2 -Werror=implicit-function-declaration -ffile-prefix-map=/home/thread/dev/meld/git/threader/meld-1.8/deps/tempm/gtksourceview2-2.10.5=. -fstack-protector-strong -fstack-clash-protection -Wformat -Werror=format-security -fcf-protection -Wnested-externs -Wdate-time -D_FORTIFY_SOURCE=2 conftest.c >&5
configure:13138: $? = 0
configure:13147: result: yes
configure:13125: checking whether gcc understands -Werror=missing-prototypes
configure:13138: gcc -c -g -O2 -Werror=implicit-function-declaration -ffile-prefix-map=/home/thread/dev/meld/git/threader/meld-1.8/deps/tempm/gtksourceview2-2.10.5=. -fstack-protector-strong -fstack-clash-protection -Wformat -Werror=format-security -fcf-protection -Werror=missing-prototypes -Wdate-time -D_FORTIFY_SOURCE=2 conftest.c >&5
configure:13138: $? = 0
configure:13147: result: yes
configure:13125: checking whether gcc understands -Werror=implicit-function-declaration
configure:13138: gcc -c -g -O2 -Werror=implicit-function-declaration -ffile-prefix-map=/home/thread/dev/meld/git/threader/meld-1.8/deps/tempm/gtksourceview2-2.10.5=. -fstack-protector-strong -fstack-clash-protection -Wformat -Werror=format-security -fcf-protection -Werror=implicit-function-declaration -Wdate-time -D_FORTIFY_SOURCE=2 conftest.c >&5
configure:13138: $? = 0
configure:13147: result: yes
configure:13125: checking whether gcc understands -Werror=pointer-arith
configure:13138: gcc -c -g -O2 -Werror=implicit-function-declaration -ffile-prefix-map=/home/thread/dev/meld/git/threader/meld-1.8/deps/tempm/gtksourceview2-2.10.5=. -fstack-protector-strong -fstack-clash-protection -Wformat -Werror=format-security -fcf-protection -Werror=pointer-arith -Wdate-time -D_FORTIFY_SOURCE=2 conftest.c >&5
configure:13138: $? = 0
configure:13147: result: yes
configure:13125: checking whether gcc understands -Werror=init-self
configure:13138: gcc -c -g -O2 -Werror=implicit-function-declaration -ffile-prefix-map=/home/thread/dev/meld/git/threader/meld-1.8/deps/tempm/gtksourceview2-2.10.5=. -fstack-protector-strong -fstack-clash-protection -Wformat -Werror=format-security -fcf-protection -Werror=init-self -Wdate-time -D_FORTIFY_SOURCE=2 conftest.c >&5
configure:13138: $? = 0
configure:13147: result: yes
configure:13125: checking whether gcc understands -Werror=format-security
configure:13138: gcc -c -g -O2 -Werror=implicit-function-declaration -ffile-prefix-map=/home/thread/dev/meld/git/threader/meld-1.8/deps/tempm/gtksourceview2-2.10.5=. -fstack-protector-strong -fstack-clash-protection -Wformat -Werror=format-security -fcf-protection -Werror=format-security -Wdate-time -D_FORTIFY_SOURCE=2 conftest.c >&5
configure:13138: $? = 0
configure:13147: result: yes
configure:13125: checking whether gcc understands -Werror=format=2
configure:13138: gcc -c -g -O2 -Werror=implicit-function-declaration -ffile-prefix-map=/home/thread/dev/meld/git/threader/meld-1.8/deps/tempm/gtksourceview2-2.10.5=. -fstack-protector-strong -fstack-clash-protection -Wformat -Werror=format-security -fcf-protection -Werror=format=2 -Wdate-time -D_FORTIFY_SOURCE=2 conftest.c >&5
configure:13138: $? = 0
configure:13147: result: yes
configure:13125: checking whether gcc understands -Werror=missing-include-dirs
configure:13138: gcc -c -g -O2 -Werror=implicit-function-declaration -ffile-prefix-map=/home/thread/dev/meld/git/threader/meld-1.8/deps/tempm/gtksourceview2-2.10.5=. -fstack-protector-strong -fstack-clash-protection -Wformat -Werror=format-security -fcf-protection -Werror=missing-include-dirs -Wdate-time -D_FORTIFY_SOURCE=2 conftest.c >&5
configure:13138: $? = 0
configure:13147: result: yes
configure:13125: checking whether gcc understands -Werror=return-type
configure:13138: gcc -c -g -O2 -Werror=implicit-function-declaration -ffile-prefix-map=/home/thread/dev/meld/git/threader/meld-1.8/deps/tempm/gtksourceview2-2.10.5=. -fstack-protector-strong -fstack-clash-protection -Wformat -Werror=format-security -fcf-protection -Werror=return-type -Wdate-time -D_FORTIFY_SOURCE=2 conftest.c >&5
configure:13138: $? = 0
configure:13147: result: yes
configure:13157: checking what warning flags to pass to the C compiler
configure:13159: result:  -Wall -Wstrict-prototypes -Wnested-externs -Werror=missing-prototypes -Werror=implicit-function-declaration -Werror=pointer-arith -Werror=init-self -Werror=format-security -Werror=format=2 -Werror=missing-include-dirs -Werror=return-type
configure:13172: checking what language compliance flags to pass to the C compiler
configure:13187: result: 
configure:13255: checking for pkg-config
configure:13278: found /usr/bin/pkg-config
configure:13291: result: /usr/bin/pkg-config
configure:13316: checking pkg-config is at least version 0.9.0
configure:13319: result: yes
configure:13329: checking for
	gio-2.0
	gtk+-2.0 >= 2.12.0
	libxml-2.0 >= 2.5.0

configure:13344: $PKG_CONFIG --exists --print-errors "
	gio-2.0
	gtk+-2.0 >= $GTK_REQUIRED_VERSION
	libxml-2.0 >= $LIBXML_REQUIRED_VERSION
"
configure:13355: $? = 0
configure:13373: $PKG_CONFIG --exists --print-errors "
	gio-2.0
	gtk+-2.0 >= $GTK_REQUIRED_VERSION
	libxml-2.0 >= $LIBXML_REQUIRED_VERSION
"
configure:13384: $? = 0
configure:13458: result: yes
configure:13483: checking for native Mac OS X
configure:13493: result: no
configure:13642: checking whether NLS is requested
configure:13653: result: yes
configure:13671: checking for intltool >= 0.40
configure:13673: result: 0.51.0 found
configure:13681: checking for intltool-update
configure:13704: found /usr/bin/intltool-update
configure:13717: result: /usr/bin/intltool-update
configure:13727: checking for intltool-merge
configure:13750: found /usr/bin/intltool-merge
configure:13763: result: /usr/bin/intltool-merge
configure:13773: checking for intltool-extract
configure:13796: found /usr/bin/intltool-extract
configure:13809: result: /usr/bin/intltool-extract
configure:13963: checking for xgettext
configure:13986: found /usr/bin/xgettext
configure:13999: result: /usr/bin/xgettext
configure:14009: checking for msgmerge
configure:14032: found /usr/bin/msgmerge
configure:14045: result: /usr/bin/msgmerge
configure:14055: checking for msgfmt
configure:14078: found /usr/bin/msgfmt
configure:14091: result: /usr/bin/msgfmt
configure:14101: checking for gmsgfmt
configure:14138: result: /usr/bin/msgfmt
configure:14158: checking for perl
configure:14181: found /usr/bin/perl
configure:14194: result: /usr/bin/perl
configure:14205: checking for perl >= 5.8.1
configure:14212: result: 5.38.2
configure:14216: checking for XML::Parser
configure:14219: result: ok
configure:14244: checking for gtk-doc
configure:14247: $PKG_CONFIG --exists --print-errors "$gtk_doc_requires"
configure:14250: $? = 0
configure:14256: result: yes
configure:14270: checking for gtkdoc-check
configure:14291: found /usr/bin/gtkdoc-check
configure:14303: result: gtkdoc-check.test
configure:14313: checking for gtkdoc-check
configure:14336: found /usr/bin/gtkdoc-check
configure:14349: result: /usr/bin/gtkdoc-check
configure:14361: checking for gtkdoc-rebase
configure:14384: found /usr/bin/gtkdoc-rebase
configure:14397: result: /usr/bin/gtkdoc-rebase
configure:14411: checking for gtkdoc-mkpdf
configure:14434: found /usr/bin/gtkdoc-mkpdf
configure:14447: result: /usr/bin/gtkdoc-mkpdf
configure:14479: checking whether to build gtk-doc documentation
configure:14481: result: no
configure:14494: checking for glib-2.0 >= 2.10.0 gobject-2.0  >= 2.10.0
configure:14501: $PKG_CONFIG --exists --print-errors "glib-2.0 >= 2.10.0 gobject-2.0  >= 2.10.0"
configure:14504: $? = 0
configure:14518: $PKG_CONFIG --exists --print-errors "glib-2.0 >= 2.10.0 gobject-2.0  >= 2.10.0"
configure:14521: $? = 0
configure:14559: result: yes
configure:14752: checking that generated files are newer than configure
configure:14758: result: done
configure:14825: creating ./config.status

## ---------------------- ##
## Running config.status. ##
## ---------------------- ##

This file was extended by gtksourceview config.status 2.10.5, which was
generated by GNU Autoconf 2.72.  Invocation command line was

  CONFIG_FILES    = 
  CONFIG_HEADERS  = 
  CONFIG_LINKS    = 
  CONFIG_COMMANDS = 
  $ ./config.status 

on actop

config.status:1204: creating gtksourceview-2.0.pc
config.status:1204: creating Makefile
config.status:1204: creating gtksourceview-zip
config.status:1204: creating po/Makefile.in
config.status:1204: creating gtksourceview/Makefile
config.status:1204: creating gtksourceview/completion-providers/Makefile
config.status:1204: creating gtksourceview/completion-providers/words/Makefile
config.status:1204: creating gtksourceview/language-specs/Makefile
config.status:1204: creating docs/Makefile
config.status:1204: creating docs/reference/Makefile
config.status:1204: creating docs/reference/version.xml
config.status:1204: creating glade/Makefile
config.status:1204: creating tests/Makefile
config.status:1204: creating config.h
config.status:1385: config.h is unchanged
config.status:1433: executing depfiles commands
config.status:1433: executing libtool commands
config.status:1433: executing po/stamp-it commands

## ---------------- ##
## Cache variables. ##
## ---------------- ##

ac_cv_build=x86_64-pc-linux-gnu
ac_cv_c_compiler_gnu=yes
ac_cv_env_CC_set=
ac_cv_env_CC_value=
ac_cv_env_CFLAGS_set=set
ac_cv_env_CFLAGS_value='-g -O2 -Werror=implicit-function-declaration -ffile-prefix-map=/home/thread/dev/meld/git/threader/meld-1.8/deps/tempm/gtksourceview2-2.10.5=. -fstack-protector-strong -fstack-clash-protection -Wformat -Werror=format-security -fcf-protection'
ac_cv_env_CPPFLAGS_set=set
ac_cv_env_CPPFLAGS_value='-Wdate-time -D_FORTIFY_SOURCE=2'
ac_cv_env_DEP_CFLAGS_set=
ac_cv_env_DEP_CFLAGS_value=
ac_cv_env_DEP_LIBS_set=
ac_cv_env_DEP_LIBS_value=
ac_cv_env_GTKDOC_DEPS_CFLAGS_set=
ac_cv_env_GTKDOC_DEPS_CFLAGS_value=
ac_cv_env_GTKDOC_DEPS_LIBS_set=
ac_cv_env_GTKDOC_DEPS_LIBS_value=
ac_cv_env_IGE_MAC_CFLAGS_set=
ac_cv_env_IGE_MAC_CFLAGS_value=
ac_cv_env_IGE_MAC_LIBS_set=
ac_cv_env_IGE_MAC_LIBS_value=
ac_cv_env_LDFLAGS_set=set
ac_cv_env_LDFLAGS_value='-Wl,-z,relro -Wl,-z,defs -Wl,-O1 -Wl,--as-needed'
ac_cv_env_LIBS_set=
ac_cv_env_LIBS_value=
ac_cv_env_LT_SYS_LIBRARY_PATH_set=
ac_cv_env_LT_SYS_LIBRARY_PATH_value=
ac_cv_env_PKG_CONFIG_LIBDIR_set=
ac_cv_env_PKG_CONFIG_LIBDIR_value=
ac_cv_env_PKG_CONFIG_PATH_set=
ac_cv_env_PKG_CONFIG_PATH_value=
ac_cv_env_PKG_CONFIG_set=
ac_cv_env_PKG_CONFIG_value=
ac_cv_env_build_alias_set=set
ac_cv_env_build_alias_value=x86_64-linux-gnu
ac_cv_env_host_alias_set=
ac_cv_env_host_alias_value=
ac_cv_env_target_alias_set=
ac_cv_env_target_alias_value=
ac_cv_header_dlfcn_h=yes
ac_cv_header_inttypes_h=yes
ac_cv_header_stdint_h=yes
ac_cv_header_stdio_h=yes
ac_cv_header_stdlib_h=yes
ac_cv_header_string_h=yes
ac_cv_header_strings_h=yes
ac_cv_header_sys_stat_h=yes
ac_cv_header_sys_types_h=yes
ac_cv_header_unistd_h=yes
ac_cv_host=x86_64-pc-linux-gnu
ac_cv_objext=o
ac_cv_path_EGREP='/usr/bin/grep -E'
ac_cv_path_EGREP_TRADITIONAL='/usr/bin/grep -E'
ac_cv_path_FGREP='/usr/bin/grep -F'
ac_cv_path_GLIB_GENMARSHAL=/usr/bin/glib-genmarshal
ac_cv_path_GLIB_MKENUMS=/usr/bin/glib-mkenums
ac_cv_path_GMSGFMT=/usr/bin/msgfmt
ac_cv_path_GREP=/usr/bin/grep
ac_cv_path_GTKDOC_CHECK_PATH=/usr/bin/gtkdoc-check
ac_cv_path_GTKDOC_MKPDF=/usr/bin/gtkdoc-mkpdf
ac_cv_path_GTKDOC_REBASE=/usr/bin/gtkdoc-rebase
ac_cv_path_INTLTOOL_EXTRACT=/usr/bin/intltool-extract
ac_cv_path_INTLTOOL_MERGE=/usr/bin/intltool-merge
ac_cv_path_INTLTOOL_PERL=/usr/bin/perl
ac_cv_path_INTLTOOL_UPDATE=/usr/bin/intltool-update
ac_cv_path_MSGFMT=/usr/bin/msgfmt
ac_cv_path_MSGMERGE=/usr/bin/msgmerge
ac_cv_path_SED=/usr/bin/sed
ac_cv_path_XGETTEXT=/usr/bin/xgettext
ac_cv_path_ac_pt_PKG_CONFIG=/usr/bin/pkg-config
ac_cv_path_install='/usr/bin/install -c'
ac_cv_path_lt_DD=/usr/bin/dd
ac_cv_path_mkdir=/usr/bin/mkdir
ac_cv_prog_AWK=gawk
ac_cv_prog_GTKDOC_CHECK=gtkdoc-check.test
ac_cv_prog_ac_ct_AR=ar
ac_cv_prog_ac_ct_CC=gcc
ac_cv_prog_ac_ct_FILECMD=file
ac_cv_prog_ac_ct_MANIFEST_TOOL=mt
ac_cv_prog_ac_ct_OBJDUMP=objdump
ac_cv_prog_ac_ct_RANLIB=ranlib
ac_cv_prog_ac_ct_STRIP=strip
ac_cv_prog_cc_c11=
ac_cv_prog_cc_g=yes
ac_cv_prog_cc_stdc=
ac_cv_prog_make_make_set=yes
am_cv_CC_dependencies_compiler_type=none
am_cv_make_support_nested_variables=yes
am_cv_prog_cc_c_o=yes
lt_cv_ar_at_file=@
lt_cv_archive_cmds_need_lc=no
lt_cv_deplibs_check_method=pass_all
lt_cv_file_magic_cmd='$MAGIC_CMD'
lt_cv_file_magic_test_file=
lt_cv_ld_reload_flag=-r
lt_cv_nm_interface='BSD nm'
lt_cv_objdir=.libs
lt_cv_path_LD=/usr/bin/ld
lt_cv_path_NM='/usr/bin/nm -B'
lt_cv_path_mainfest_tool=no
lt_cv_prog_compiler_c_o=yes
lt_cv_prog_compiler_pic='-fPIC -DPIC'
lt_cv_prog_compiler_pic_works=yes
lt_cv_prog_compiler_rtti_exceptions=no
lt_cv_prog_compiler_static_works=yes
lt_cv_prog_gnu_ld=yes
lt_cv_sharedlib_from_linklib_cmd='printf %s\n'
lt_cv_shlibpath_overrides_runpath=yes
lt_cv_sys_global_symbol_pipe='/usr/bin/sed -n -e '\''s/^.*[	 ]\([ABCDGIRSTW][ABCDGIRSTW]*\)[	 ][	 ]*\([_A-Za-z][_A-Za-z0-9]*\)$/\1 \2 \2/p'\'' | /usr/bin/sed '\''/ __gnu_lto/d'\'''
lt_cv_sys_global_symbol_to_c_name_address='/usr/bin/sed -n -e '\''s/^: \(.*\) .*$/  {"\1", (void *) 0},/p'\'' -e '\''s/^[ABCDGIRSTW][ABCDGIRSTW]* .* \(.*\)$/  {"\1", (void *) \&\1},/p'\'''
lt_cv_sys_global_symbol_to_c_name_address_lib_prefix='/usr/bin/sed -n -e '\''s/^: \(.*\) .*$/  {"\1", (void *) 0},/p'\'' -e '\''s/^[ABCDGIRSTW][ABCDGIRSTW]* .* \(lib.*\)$/  {"\1", (void *) \&\1},/p'\'' -e '\''s/^[ABCDGIRSTW][ABCDGIRSTW]* .* \(.*\)$/  {"lib\1", (void *) \&\1},/p'\'''
lt_cv_sys_global_symbol_to_cdecl='/usr/bin/sed -n -e '\''s/^T .* \(.*\)$/extern int \1();/p'\'' -e '\''s/^[ABCDGIRSTW][ABCDGIRSTW]* .* \(.*\)$/extern char \1;/p'\'''
lt_cv_sys_global_symbol_to_import=
lt_cv_sys_max_cmd_len=1572864
lt_cv_to_host_file_cmd=func_convert_file_noop
lt_cv_to_tool_file_cmd=func_convert_file_noop
lt_cv_truncate_bin='/usr/bin/dd bs=4096 count=1'
pkg_cv_DEP_CFLAGS='-I/usr/include/glib-2.0 -I/usr/lib/x86_64-linux-gnu/glib-2.0/include -I/usr/include/sysprof-6 -I/usr/include/libmount -I/usr/include/blkid -I/usr/include/gtk-2.0 -I/usr/lib/x86_64-linux-gnu/gtk-2.0/include -I/usr/include/pango-1.0 -I/usr/include/harfbuzz -I/usr/include/freetype2 -I/usr/include/libpng16 -I/usr/include/fribidi -I/usr/include/cairo -I/usr/include/pixman-1 -I/usr/include/gdk-pixbuf-2.0 -I/usr/include/x86_64-linux-gnu -I/usr/include/webp -I/usr/include/atk-1.0 -pthread -I/usr/include/libxml2 '
pkg_cv_DEP_LIBS='-lgtk-x11-2.0 -lgdk-x11-2.0 -lpangocairo-1.0 -latk-1.0 -lcairo -lgdk_pixbuf-2.0 -lgio-2.0 -lpangoft2-1.0 -lpango-1.0 -lgobject-2.0 -lglib-2.0 -lharfbuzz -lfontconfig -lfreetype -lxml2 '
pkg_cv_GTKDOC_DEPS_CFLAGS='-I/usr/include/glib-2.0 -I/usr/lib/x86_64-linux-gnu/glib-2.0/include -I/usr/include/sysprof-6 -pthread '
pkg_cv_GTKDOC_DEPS_LIBS='-lgobject-2.0 -lglib-2.0 '

## ----------------- ##
## Output variables. ##
## ----------------- ##

ABS_TOP_SRCDIR='/home/thread/dev/meld/git/threader/meld-1.8/deps/tempm/gtksourceview2-2.10.5'
ACLOCAL='${SHELL} '\''/home/thread/dev/meld/git/threader/meld-1.8/deps/tempm/gtksourceview2-2.10.5/missing'\'' aclocal-1.16'
ALL_LINGUAS=''
AMDEPBACKSLASH=''
AMDEP_FALSE=''
AMDEP_TRUE='#'
AMTAR='$${TAR-tar}'
AM_BACKSLASH='\'
AM_DEFAULT_V='$(AM_DEFAULT_VERBOSITY)'
AM_DEFAULT_VERBOSITY='1'
AM_V='$(V)'
AR='ar'
AUTOCONF='${SHELL} '\''/home/thread/dev/meld/git/threader/meld-1.8/deps/tempm/gtksourceview2-2.10.5/missing'\'' autoconf'
AUTOHEADER='${SHELL} '\''/home/thread/dev/meld/git/threader/meld-1.8/deps/tempm/gtksourceview2-2.10.5/missing'\'' autoheader'
AUTOMAKE='${SHELL} '\''/home/thread/dev/meld/git/threader/meld-1.8/deps/tempm/gtksourceview2-2.10.5/missing'\'' automake-1.16'
AWK='gawk'
CC='gcc'
CCDEPMODE='depmode=none'
CFLAGS='-g -O2 -Werror=implicit-function-declaration -ffile-prefix-map=/home/thread/dev/meld/git/threader/meld-1.8/deps/tempm/gtksourceview2-2.10.5=. -fstack-protector-strong -fstack-clash-protection -Wformat -Werror=format-security -fcf-protection'
CPPFLAGS='-Wdate-time -D_FORTIFY_SOURCE=2'
CSCOPE='cscope'
CTAGS='ctags'
CYGPATH_W='echo'
DEFS='-DHAVE_CONFIG_H'
DEPDIR='.deps'
DEP_CFLAGS='-I/usr/include/glib-2.0 -I/usr/lib/x86_64-linux-gnu/glib-2.0/include -I/usr/include/sysprof-6 -I/usr/include/libmount -I/usr/include/blkid -I/usr/include/gtk-2.0 -I/usr/lib/x86_64-linux-gnu/gtk-2.0/include -I/usr/include/pango-1.0 -I/usr/include/harfbuzz -I/usr/include/freetype2 -I/usr/include/libpng16 -I/usr/include/fribidi -I/usr/include/cairo -I/usr/include/pixman-1 -I/usr/include/gdk-pixbuf-2.0 -I/usr/include/x86_64-linux-gnu -I/usr/include/webp -I/usr/include/atk-1.0 -pthread -I/usr/include/libxml2 '
DEP_LIBS='-lgtk-x11-2.0 -lgdk-x11-2.0 -lpangocairo-1.0 -latk-1.0 -lcairo -lgdk_pixbuf-2.0 -lgio-2.0 -lpangoft2-1.0 -lpango-1.0 -lgobject-2.0 -lglib-2.0 -lharfbuzz -lfontconfig -lfreetype -lxml2 '
DLLTOOL='false'
DSYMUTIL=''
DUMPBIN=''
ECHO_C=''
ECHO_N='-n'
ECHO_T=''
EGREP='/usr/bin/grep -E'
ENABLE_GTK_DOC_FALSE=''
ENABLE_GTK_DOC_TRUE='#'
ENABLE_PROVIDERS_FALSE='#'
ENABLE_PROVIDERS_TRUE=''
ETAGS='etags'
EXEEXT=''
FGREP='/usr/bin/grep -F'
FILECMD='file'
GETTEXT_PACKAGE='gtksourceview-2.0'
GLADE_CATALOGDIR=''
GLADE_CATALOG_FALSE=''
GLADE_CATALOG_TRUE='#'
GLIB_GENMARSHAL='/usr/bin/glib-genmarshal'
GLIB_MKENUMS='/usr/bin/glib-mkenums'
GMSGFMT='/usr/bin/msgfmt'
GREP='/usr/bin/grep'
GTKDOC_CHECK='gtkdoc-check.test'
GTKDOC_CHECK_PATH='/usr/bin/gtkdoc-check'
GTKDOC_DEPS_CFLAGS='-I/usr/include/glib-2.0 -I/usr/lib/x86_64-linux-gnu/glib-2.0/include -I/usr/include/sysprof-6 -pthread '
GTKDOC_DEPS_LIBS='-lgobject-2.0 -lglib-2.0 '
GTKDOC_MKPDF='/usr/bin/gtkdoc-mkpdf'
GTKDOC_REBASE='/usr/bin/gtkdoc-rebase'
GTK_DOC_BUILD_HTML_FALSE='#'
GTK_DOC_BUILD_HTML_TRUE=''
GTK_DOC_BUILD_PDF_FALSE=''
GTK_DOC_BUILD_PDF_TRUE='#'
GTK_DOC_USE_LIBTOOL_FALSE='#'
GTK_DOC_USE_LIBTOOL_TRUE=''
GTK_DOC_USE_REBASE_FALSE='#'
GTK_DOC_USE_REBASE_TRUE=''
GTK_REQUIRED_VERSION='2.12.0'
HAVE_GTK_DOC_FALSE='#'
HAVE_GTK_DOC_TRUE=''
HTML_DIR='${datadir}/gtk-doc/html'
IGE_MAC_CFLAGS=''
IGE_MAC_LIBS=''
INSTALL_DATA='${INSTALL} -m 644'
INSTALL_PROGRAM='${INSTALL}'
INSTALL_SCRIPT='${INSTALL}'
INSTALL_STRIP_PROGRAM='$(install_sh) -c -s'
INTLTOOL_CAVES_RULE='%.caves:     %.caves.in     $(INTLTOOL_MERGE) $(wildcard $(top_srcdir)/po/*.po) ; $(INTLTOOL_V_MERGE)LC_ALL=C $(INTLTOOL_MERGE) $(INTLTOOL_V_MERGE_OPTIONS) -d -u -c $(top_builddir)/po/.intltool-merge-cache $(top_srcdir)/po $< $@'
INTLTOOL_DESKTOP_RULE='%.desktop:   %.desktop.in   $(INTLTOOL_MERGE) $(wildcard $(top_srcdir)/po/*.po) ; $(INTLTOOL_V_MERGE)LC_ALL=C $(INTLTOOL_MERGE) $(INTLTOOL_V_MERGE_OPTIONS) -d -u -c $(top_builddir)/po/.intltool-merge-cache $(top_srcdir)/po $< $@'
INTLTOOL_DIRECTORY_RULE='%.directory: %.directory.in $(INTLTOOL_MERGE) $(wildcard $(top_srcdir)/po/*.po) ; $(INTLTOOL_V_MERGE)LC_ALL=C $(INTLTOOL_MERGE) $(INTLTOOL_V_MERGE_OPTIONS) -d -u -c $(top_builddir)/po/.intltool-merge-cache $(top_srcdir)/po $< $@'
INTLTOOL_EXTRACT='/usr/bin/intltool-extract'
INTLTOOL_KBD_RULE='%.kbd:       %.kbd.in       $(INTLTOOL_MERGE) $(wildcard $(top_srcdir)/po/*.po) ; $(INTLTOOL_V_MERGE)LC_ALL=C $(INTLTOOL_MERGE) $(INTLTOOL_V_MERGE_OPTIONS) -x -u -m -c $(top_builddir)/po/.intltool-merge-cache $(top_srcdir)/po $< $@'
INTLTOOL_KEYS_RULE='%.keys:      %.keys.in      $(INTLTOOL_MERGE) $(wildcard $(top_srcdir)/po/*.po) ; $(INTLTOOL_V_MERGE)LC_ALL=C $(INTLTOOL_MERGE) $(INTLTOOL_V_MERGE_OPTIONS) -k -u -c $(top_builddir)/po/.intltool-merge-cache $(top_srcdir)/po $< $@'
INTLTOOL_MERGE='/usr/bin/intltool-merge'
INTLTOOL_OAF_RULE='%.oaf:       %.oaf.in       $(INTLTOOL_MERGE) $(wildcard $(top_srcdir)/po/*.po) ; $(INTLTOOL_V_MERGE)LC_ALL=C $(INTLTOOL_MERGE) $(INTLTOOL_V_MERGE_OPTIONS) -o -p $(top_srcdir)/po $< $@'
INTLTOOL_PERL='/usr/bin/perl'
INTLTOOL_POLICY_RULE='%.policy:    %.policy.in    $(INTLTOOL_MERGE) $(wildcard $(top_srcdir)/po/*.po) ; $(INTLTOOL_V_MERGE)LC_ALL=C $(INTLTOOL_MERGE) $(INTLTOOL_V_MERGE_OPTIONS) -x -u -c $(top_builddir)/po/.intltool-merge-cache $(top_srcdir)/po $< $@'
INTLTOOL_PONG_RULE='%.pong:      %.pong.in      $(INTLTOOL_MERGE) $(wildcard $(top_srcdir)/po/*.po) ; $(INTLTOOL_V_MERGE)LC_ALL=C $(INTLTOOL_MERGE) $(INTLTOOL_V_MERGE_OPTIONS) -x -u -c $(top_builddir)/po/.intltool-merge-cache $(top_srcdir)/po $< $@'
INTLTOOL_PROP_RULE='%.prop:      %.prop.in      $(INTLTOOL_MERGE) $(wildcard $(top_srcdir)/po/*.po) ; $(INTLTOOL_V_MERGE)LC_ALL=C $(INTLTOOL_MERGE) $(INTLTOOL_V_MERGE_OPTIONS) -d -u -c $(top_builddir)/po/.intltool-merge-cache $(top_srcdir)/po $< $@'
INTLTOOL_SCHEMAS_RULE='%.schemas:   %.schemas.in   $(INTLTOOL_MERGE) $(wildcard $(top_srcdir)/po/*.po) ; $(INTLTOOL_V_MERGE)LC_ALL=C $(INTLTOOL_MERGE) $(INTLTOOL_V_MERGE_OPTIONS) -s -u -c $(top_builddir)/po/.intltool-merge-cache $(top_srcdir)/po $< $@'
INTLTOOL_SERVER_RULE='%.server:    %.server.in    $(INTLTOOL_MERGE) $(wildcard $(top_srcdir)/po/*.po) ; $(INTLTOOL_V_MERGE)LC_ALL=C $(INTLTOOL_MERGE) $(INTLTOOL_V_MERGE_OPTIONS) -o -u -c $(top_builddir)/po/.intltool-merge-cache $(top_srcdir)/po $< $@'
INTLTOOL_SERVICE_RULE='%.service: %.service.in   $(INTLTOOL_MERGE) $(wildcard $(top_srcdir)/po/*.po) ; $(INTLTOOL_V_MERGE)LC_ALL=C $(INTLTOOL_MERGE) $(INTLTOOL_V_MERGE_OPTIONS) -d -u -c $(top_builddir)/po/.intltool-merge-cache $(top_srcdir)/po $< $@'
INTLTOOL_SHEET_RULE='%.sheet:     %.sheet.in     $(INTLTOOL_MERGE) $(wildcard $(top_srcdir)/po/*.po) ; $(INTLTOOL_V_MERGE)LC_ALL=C $(INTLTOOL_MERGE) $(INTLTOOL_V_MERGE_OPTIONS) -x -u -c $(top_builddir)/po/.intltool-merge-cache $(top_srcdir)/po $< $@'
INTLTOOL_SOUNDLIST_RULE='%.soundlist: %.soundlist.in $(INTLTOOL_MERGE) $(wildcard $(top_srcdir)/po/*.po) ; $(INTLTOOL_V_MERGE)LC_ALL=C $(INTLTOOL_MERGE) $(INTLTOOL_V_MERGE_OPTIONS) -d -u -c $(top_builddir)/po/.intltool-merge-cache $(top_srcdir)/po $< $@'
INTLTOOL_THEME_RULE='%.theme:     %.theme.in     $(INTLTOOL_MERGE) $(wildcard $(top_srcdir)/po/*.po) ; $(INTLTOOL_V_MERGE)LC_ALL=C $(INTLTOOL_MERGE) $(INTLTOOL_V_MERGE_OPTIONS) -d -u -c $(top_builddir)/po/.intltool-merge-cache $(top_srcdir)/po $< $@'
INTLTOOL_UI_RULE='%.ui:        %.ui.in        $(INTLTOOL_MERGE) $(wildcard $(top_srcdir)/po/*.po) ; $(INTLTOOL_V_MERGE)LC_ALL=C $(INTLTOOL_MERGE) $(INTLTOOL_V_MERGE_OPTIONS) -x -u -c $(top_builddir)/po/.intltool-merge-cache $(top_srcdir)/po $< $@'
INTLTOOL_UPDATE='/usr/bin/intltool-update'
INTLTOOL_V_MERGE='$(INTLTOOL__v_MERGE_$(V))'
INTLTOOL_V_MERGE_OPTIONS='$(intltool__v_merge_options_$(V))'
INTLTOOL_XAM_RULE='%.xam:       %.xml.in       $(INTLTOOL_MERGE) $(wildcard $(top_srcdir)/po/*.po) ; $(INTLTOOL_V_MERGE)LC_ALL=C $(INTLTOOL_MERGE) $(INTLTOOL_V_MERGE_OPTIONS) -x -u -c $(top_builddir)/po/.intltool-merge-cache $(top_srcdir)/po $< $@'
INTLTOOL_XML_NOMERGE_RULE='%.xml:       %.xml.in       $(INTLTOOL_MERGE) ; $(INTLTOOL_V_MERGE)LC_ALL=C $(INTLTOOL_MERGE) $(INTLTOOL_V_MERGE_OPTIONS) -x -u --no-translations $< $@'
INTLTOOL_XML_RULE='%.xml:       %.xml.in       $(INTLTOOL_MERGE) $(wildcard $(top_srcdir)/po/*.po) ; $(INTLTOOL_V_MERGE)LC_ALL=C $(INTLTOOL_MERGE) $(INTLTOOL_V_MERGE_OPTIONS) -x -u -c $(top_builddir)/po/.intltool-merge-cache $(top_srcdir)/po $< $@'
INTLTOOL__v_MERGE_0='@echo "  ITMRG " $@;'
INTLTOOL__v_MERGE_='$(INTLTOOL__v_MERGE_$(AM_DEFAULT_VERBOSITY))'
LD='/usr/bin/ld -m elf_x86_64'
LDFLAGS='-Wl,-z,relro -Wl,-z,defs -Wl,-O1 -Wl,--as-needed'
LIBOBJS=''
LIBS=''
LIBTOOL='$(SHELL) $(top_builddir)/libtool'
LIBXML_REQUIRED_VERSION='2.5.0'
LIPO=''
LN_S='ln -s'
LTLIBOBJS=''
LT_SYS_LIBRARY_PATH=''
MAINT='#'
MAINTAINER_MODE_FALSE=''
MAINTAINER_MODE_TRUE='#'
MAKEINFO='${SHELL} '\''/home/thread/dev/meld/git/threader/meld-1.8/deps/tempm/gtksourceview2-2.10.5/missing'\'' makeinfo'
MANIFEST_TOOL=':'
MKDIR_P='/usr/bin/mkdir -p'
MSGFMT='/usr/bin/msgfmt'
MSGMERGE='/usr/bin/msgmerge'
NM='/usr/bin/nm -B'
NMEDIT=''
OBJDUMP='objdump'
OBJEXT='o'
OS_OSX_FALSE=''
OS_OSX_TRUE='#'
OTOOL64=''
OTOOL=''
PACKAGE='gtksourceview'
PACKAGE_BUGREPORT='http://bugzilla.gnome.org/enter_bug.cgi?product=gtksourceview'
PACKAGE_NAME='gtksourceview'
PACKAGE_STRING='gtksourceview 2.10.5'
PACKAGE_TARNAME='gtksourceview'
PACKAGE_URL='http://projects.gnome.org/gtksourceview/'
PACKAGE_VERSION='2.10.5'
PATH_SEPARATOR=':'
PKG_CONFIG='/usr/bin/pkg-config'
PKG_CONFIG_LIBDIR=''
PKG_CONFIG_PATH=''
RANLIB='ranlib'
SED='/usr/bin/sed'
SET_MAKE=''
SHELL='/bin/bash'
STRIP='strip'
USE_NLS='yes'
VERSION='2.10.5'
WARN_CFLAGS=' -Wall -Wstrict-prototypes -Wnested-externs -Werror=missing-prototypes -Werror=implicit-function-declaration -Werror=pointer-arith -Werror=init-self -Werror=format-security -Werror=format=2 -Werror=missing-include-dirs -Werror=return-type '
XGETTEXT='/usr/bin/xgettext'
ac_ct_AR='ar'
ac_ct_CC='gcc'
ac_ct_DUMPBIN=''
am__EXEEXT_FALSE=''
am__EXEEXT_TRUE='#'
am__fastdepCC_FALSE=''
am__fastdepCC_TRUE='#'
am__include='include'
am__isrc=''
am__leading_dot='.'
am__nodep=''
am__quote=''
am__tar='$${TAR-tar} chof - "$$tardir"'
am__untar='$${TAR-tar} xf -'
bindir='${exec_prefix}/bin'
build='x86_64-pc-linux-gnu'
build_alias='x86_64-linux-gnu'
build_cpu='x86_64'
build_os='linux-gnu'
build_vendor='pc'
datadir='${datarootdir}'
datarootdir='${prefix}/share'
docdir='${datarootdir}/doc/${PACKAGE_TARNAME}'
dvidir='${docdir}'
exec_prefix='${prefix}'
host='x86_64-pc-linux-gnu'
host_alias=''
host_cpu='x86_64'
host_os='linux-gnu'
host_vendor='pc'
htmldir='${docdir}'
includedir='${prefix}/include'
infodir='${prefix}/share/info'
install_sh='${SHELL} /home/thread/dev/meld/git/threader/meld-1.8/deps/tempm/gtksourceview2-2.10.5/install-sh'
intltool__v_merge_options_0='-q'
intltool__v_merge_options_='$(intltool__v_merge_options_$(AM_DEFAULT_VERBOSITY))'
libdir='${prefix}/lib/x86_64-linux-gnu'
libexecdir='${prefix}/lib/x86_64-linux-gnu'
localedir='${datarootdir}/locale'
localstatedir='/var'
mandir='${prefix}/share/man'
mkdir_p='$(MKDIR_P)'
oldincludedir='/usr/include'
pdfdir='${docdir}'
prefix='/usr'
program_transform_name='s,x,x,'
psdir='${docdir}'
runstatedir='${localstatedir}/run'
sbindir='${exec_prefix}/sbin'
sharedstatedir='${prefix}/com'
sysconfdir='/etc'
target_alias=''

## ----------- ##
## confdefs.h. ##
## ----------- ##

/* confdefs.h */
#define PACKAGE_NAME "gtksourceview"
#define PACKAGE_TARNAME "gtksourceview"
#define PACKAGE_VERSION "2.10.5"
#define PACKAGE_STRING "gtksourceview 2.10.5"
#define PACKAGE_BUGREPORT "http://bugzilla.gnome.org/enter_bug.cgi?product=gtksourceview"
#define PACKAGE_URL "http://projects.gnome.org/gtksourceview/"
#define PACKAGE "gtksourceview"
#define VERSION "2.10.5"
#define HAVE_STDIO_H 1
#define HAVE_STDLIB_H 1
#define HAVE_STRING_H 1
#define HAVE_INTTYPES_H 1
#define HAVE_STDINT_H 1
#define HAVE_STRINGS_H 1
#define HAVE_SYS_STAT_H 1
#define HAVE_SYS_TYPES_H 1
#define HAVE_UNISTD_H 1
#define STDC_HEADERS 1
#define HAVE_DLFCN_H 1
#define LT_OBJDIR ".libs/"
#define HAVE_UNISTD_H 1
#define GETTEXT_PACKAGE PACKAGE_TARNAME

configure: exit 0
