This file contains any messages produced by compilers while
running configure, to aid debugging if configure makes a mistake.

It was created by pygtksourceview configure 2.10.1, which was
generated by GNU Autoconf 2.72.  Invocation command line was

  $ /home/thread/dev/meld/git/threader/meld-1.8/deps/pygtksourceview_2.10.1/pygtksourceview-2.10.1/./configure --build=x86_64-linux-gnu --prefix=/usr '--includedir=${prefix}/include' '--mandir=${prefix}/share/man' '--infodir=${prefix}/share/info' --sysconfdir=/etc --localstatedir=/var '--libexecdir=${prefix}/lib/pygtksourceview' --disable-maintainer-mode --disable-dependency-tracking --disable-silent-rules

## --------- ##
## Platform. ##
## --------- ##

hostname = actop
uname -m = x86_64
uname -r = 6.11.2-rt-amd64
uname -s = Linux
uname -v = #1 SMP PREEMPT_RT Debian 6.11.2-1 (2024-10-05)

/usr/bin/uname -p = unknown
/bin/uname -X     = unknown

/bin/arch              = x86_64
/usr/bin/arch -k       = unknown
/usr/convex/getsysinfo = unknown
/usr/bin/hostinfo      = unknown
/bin/machine           = unknown
/usr/bin/oslevel       = unknown
/bin/universe          = unknown

PATH: /usr/local/sbin/
PATH: /usr/local/bin/
PATH: /usr/sbin/
PATH: /usr/bin/
PATH: /sbin/
PATH: /bin/
PATH: /usr/local/games/
PATH: /usr/games/


## ----------- ##
## Core tests. ##
## ----------- ##

configure:2514: looking for aux files: compile ltmain.sh config.guess config.sub missing install-sh
configure:2527:  trying /home/thread/dev/meld/git/threader/meld-1.8/deps/pygtksourceview_2.10.1/pygtksourceview-2.10.1/./
configure:2556:   /home/thread/dev/meld/git/threader/meld-1.8/deps/pygtksourceview_2.10.1/pygtksourceview-2.10.1/./compile found
configure:2556:   /home/thread/dev/meld/git/threader/meld-1.8/deps/pygtksourceview_2.10.1/pygtksourceview-2.10.1/./ltmain.sh found
configure:2556:   /home/thread/dev/meld/git/threader/meld-1.8/deps/pygtksourceview_2.10.1/pygtksourceview-2.10.1/./config.guess found
configure:2556:   /home/thread/dev/meld/git/threader/meld-1.8/deps/pygtksourceview_2.10.1/pygtksourceview-2.10.1/./config.sub found
configure:2556:   /home/thread/dev/meld/git/threader/meld-1.8/deps/pygtksourceview_2.10.1/pygtksourceview-2.10.1/./missing found
configure:2538:   /home/thread/dev/meld/git/threader/meld-1.8/deps/pygtksourceview_2.10.1/pygtksourceview-2.10.1/./install-sh found
configure:2701: checking for a BSD-compatible install
configure:2775: result: /usr/bin/install -c
configure:2786: checking whether build environment is sane
configure:2841: result: yes
configure:3002: checking for a race-free mkdir -p
configure:3045: result: /usr/bin/mkdir -p
configure:3052: checking for gawk
configure:3073: found /usr/bin/gawk
configure:3085: result: gawk
configure:3096: checking whether make sets $(MAKE)
configure:3120: result: yes
configure:3150: checking whether make supports nested variables
configure:3169: result: yes
configure:3315: checking build system type
configure:3331: result: x86_64-pc-linux-gnu
configure:3351: checking host system type
configure:3366: result: x86_64-pc-linux-gnu
configure:3386: checking for some Win32 platform
configure:3396: result: no
configure:3407: checking for native Win32
configure:3417: result: no
configure:3847: checking how to print strings
configure:3874: result: printf
configure:3908: checking whether make supports the include directive
configure:3923: make -f confmf.GNU && cat confinc.out
make[1]: Entering directory '/home/thread/dev/meld/git/threader/meld-1.8/deps/pygtksourceview_2.10.1/pygtksourceview-2.10.1/debian/build'
make[1]: Leaving directory '/home/thread/dev/meld/git/threader/meld-1.8/deps/pygtksourceview_2.10.1/pygtksourceview-2.10.1/debian/build'
this is the am__doit target
configure:3926: $? = 0
configure:3945: result: yes (GNU style)
configure:4022: checking for gcc
configure:4043: found /usr/bin/gcc
configure:4055: result: gcc
configure:4414: checking for C compiler version
configure:4423: gcc --version >&5
gcc (Debian 14.2.0-6) 14.2.0
Copyright (C) 2024 Free Software Foundation, Inc.
This is free software; see the source for copying conditions.  There is NO
warranty; not even for MERCHANTABILITY or FITNESS FOR A PARTICULAR PURPOSE.

configure:4434: $? = 0
configure:4423: gcc -v >&5
Using built-in specs.
COLLECT_GCC=gcc
COLLECT_LTO_WRAPPER=/usr/libexec/gcc/x86_64-linux-gnu/14/lto-wrapper
OFFLOAD_TARGET_NAMES=nvptx-none:amdgcn-amdhsa
OFFLOAD_TARGET_DEFAULT=1
Target: x86_64-linux-gnu
Configured with: ../src/configure -v --with-pkgversion='Debian 14.2.0-6' --with-bugurl=file:///usr/share/doc/gcc-14/README.Bugs --enable-languages=c,ada,c++,go,d,fortran,objc,obj-c++,m2,rust --prefix=/usr --with-gcc-major-version-only --program-suffix=-14 --program-prefix=x86_64-linux-gnu- --enable-shared --enable-linker-build-id --libexecdir=/usr/libexec --without-included-gettext --enable-threads=posix --libdir=/usr/lib --enable-nls --enable-bootstrap --enable-clocale=gnu --enable-libstdcxx-debug --enable-libstdcxx-time=yes --with-default-libstdcxx-abi=new --enable-libstdcxx-backtrace --enable-gnu-unique-object --disable-vtable-verify --enable-plugin --enable-default-pie --with-system-zlib --enable-libphobos-checking=release --with-target-system-zlib=auto --enable-objc-gc=auto --enable-multiarch --disable-werror --enable-cet --with-arch-32=i686 --with-abi=m64 --with-multilib-list=m32,m64,mx32 --enable-multilib --with-tune=generic --enable-offload-targets=nvptx-none=/build/reproducible-path/gcc-14-14.2.0/debian/tmp-nvptx/usr,amdgcn-amdhsa=/build/reproducible-path/gcc-14-14.2.0/debian/tmp-gcn/usr --enable-offload-defaulted --without-cuda-driver --enable-checking=release --build=x86_64-linux-gnu --host=x86_64-linux-gnu --target=x86_64-linux-gnu --with-build-config=bootstrap-lto-lean --enable-link-serialization=3
Thread model: posix
Supported LTO compression algorithms: zlib zstd
gcc version 14.2.0 (Debian 14.2.0-6) 
... rest of stderr output deleted ...
configure:4434: $? = 0
configure:4423: gcc -V >&5
gcc: error: unrecognized command-line option '-V'
gcc: fatal error: no input files
compilation terminated.
configure:4434: $? = 1
configure:4423: gcc -qversion >&5
gcc: error: unrecognized command-line option '-qversion'; did you mean '--version'?
gcc: fatal error: no input files
compilation terminated.
configure:4434: $? = 1
configure:4423: gcc -version >&5
gcc: error: unrecognized command-line option '-version'
gcc: fatal error: no input files
compilation terminated.
configure:4434: $? = 1
configure:4454: checking whether the C compiler works
configure:4476: gcc -g -O2 -Werror=implicit-function-declaration -ffile-prefix-map=/home/thread/dev/meld/git/threader/meld-1.8/deps/pygtksourceview_2.10.1/pygtksourceview-2.10.1=. -fstack-protector-strong -fstack-clash-protection -Wformat -Werror=format-security -fcf-protection -Wdate-time -D_FORTIFY_SOURCE=2 -Wl,-z,relro conftest.c  >&5
configure:4480: $? = 0
configure:4531: result: yes
configure:4535: checking for C compiler default output file name
configure:4537: result: a.out
configure:4543: checking for suffix of executables
configure:4550: gcc -o conftest -g -O2 -Werror=implicit-function-declaration -ffile-prefix-map=/home/thread/dev/meld/git/threader/meld-1.8/deps/pygtksourceview_2.10.1/pygtksourceview-2.10.1=. -fstack-protector-strong -fstack-clash-protection -Wformat -Werror=format-security -fcf-protection -Wdate-time -D_FORTIFY_SOURCE=2 -Wl,-z,relro conftest.c  >&5
configure:4554: $? = 0
configure:4578: result: 
configure:4602: checking whether we are cross compiling
configure:4610: gcc -o conftest -g -O2 -Werror=implicit-function-declaration -ffile-prefix-map=/home/thread/dev/meld/git/threader/meld-1.8/deps/pygtksourceview_2.10.1/pygtksourceview-2.10.1=. -fstack-protector-strong -fstack-clash-protection -Wformat -Werror=format-security -fcf-protection -Wdate-time -D_FORTIFY_SOURCE=2 -Wl,-z,relro conftest.c  >&5
configure:4614: $? = 0
configure:4621: ./conftest
configure:4625: $? = 0
configure:4640: result: no
configure:4646: checking for suffix of object files
configure:4669: gcc -c -g -O2 -Werror=implicit-function-declaration -ffile-prefix-map=/home/thread/dev/meld/git/threader/meld-1.8/deps/pygtksourceview_2.10.1/pygtksourceview-2.10.1=. -fstack-protector-strong -fstack-clash-protection -Wformat -Werror=format-security -fcf-protection -Wdate-time -D_FORTIFY_SOURCE=2 conftest.c >&5
configure:4673: $? = 0
configure:4697: result: o
configure:4701: checking whether the compiler supports GNU C
configure:4721: gcc -c -g -O2 -Werror=implicit-function-declaration -ffile-prefix-map=/home/thread/dev/meld/git/threader/meld-1.8/deps/pygtksourceview_2.10.1/pygtksourceview-2.10.1=. -fstack-protector-strong -fstack-clash-protection -Wformat -Werror=format-security -fcf-protection -Wdate-time -D_FORTIFY_SOURCE=2 conftest.c >&5
configure:4721: $? = 0
configure:4733: result: yes
configure:4744: checking whether gcc accepts -g
configure:4765: gcc -c -g -Wdate-time -D_FORTIFY_SOURCE=2 conftest.c >&5
configure:4765: $? = 0
configure:4812: result: yes
configure:4832: checking for gcc option to enable C11 features
configure:4847: gcc  -c -g -O2 -Werror=implicit-function-declaration -ffile-prefix-map=/home/thread/dev/meld/git/threader/meld-1.8/deps/pygtksourceview_2.10.1/pygtksourceview-2.10.1=. -fstack-protector-strong -fstack-clash-protection -Wformat -Werror=format-security -fcf-protection -Wdate-time -D_FORTIFY_SOURCE=2 conftest.c >&5
configure:4847: $? = 0
configure:4866: result: none needed
configure:4990: checking whether gcc understands -c and -o together
configure:5013: gcc -c conftest.c -o conftest2.o
configure:5016: $? = 0
configure:5013: gcc -c conftest.c -o conftest2.o
configure:5016: $? = 0
configure:5029: result: yes
configure:5048: checking dependency style of gcc
configure:5161: result: none
configure:5176: checking for a sed that does not truncate output
configure:5248: result: /usr/bin/sed
configure:5266: checking for grep that handles long lines and -e
configure:5332: result: /usr/bin/grep
configure:5337: checking for egrep
configure:5407: result: /usr/bin/grep -E
configure:5414: checking for fgrep
configure:5484: result: /usr/bin/grep -F
configure:5521: checking for ld used by gcc
configure:5590: result: /usr/bin/ld
configure:5597: checking if the linker (/usr/bin/ld) is GNU ld
configure:5614: result: yes
configure:5626: checking for BSD- or MS-compatible name lister (nm)
configure:5682: result: /usr/bin/nm -B
configure:5824: checking the name lister (/usr/bin/nm -B) interface
configure:5832: gcc -c -g -O2 -Werror=implicit-function-declaration -ffile-prefix-map=/home/thread/dev/meld/git/threader/meld-1.8/deps/pygtksourceview_2.10.1/pygtksourceview-2.10.1=. -fstack-protector-strong -fstack-clash-protection -Wformat -Werror=format-security -fcf-protection -Wdate-time -D_FORTIFY_SOURCE=2 conftest.c >&5
configure:5835: /usr/bin/nm -B "conftest.o"
configure:5838: output
0000000000000000 B some_variable
configure:5846: result: BSD nm
configure:5849: checking whether ln -s works
configure:5853: result: yes
configure:5861: checking the maximum length of command line arguments
configure:5994: result: 1572864
configure:6042: checking how to convert x86_64-pc-linux-gnu file names to x86_64-pc-linux-gnu format
configure:6084: result: func_convert_file_noop
configure:6091: checking how to convert x86_64-pc-linux-gnu file names to toolchain format
configure:6113: result: func_convert_file_noop
configure:6120: checking for /usr/bin/ld option to reload object files
configure:6129: result: -r
configure:6209: checking for file
configure:6230: found /usr/bin/file
configure:6242: result: file
configure:6319: checking for objdump
configure:6352: result: objdump
configure:6381: checking how to recognize dependent libraries
configure:6583: result: pass_all
configure:6674: checking for dlltool
configure:6707: result: dlltool
configure:6737: checking how to associate runtime and link libraries
configure:6766: result: printf %s\n
configure:6833: checking for ar
configure:6854: found /usr/bin/ar
configure:6866: result: ar
configure:6919: checking for archiver @FILE support
configure:6937: gcc -c -g -O2 -Werror=implicit-function-declaration -ffile-prefix-map=/home/thread/dev/meld/git/threader/meld-1.8/deps/pygtksourceview_2.10.1/pygtksourceview-2.10.1=. -fstack-protector-strong -fstack-clash-protection -Wformat -Werror=format-security -fcf-protection -Wdate-time -D_FORTIFY_SOURCE=2 conftest.c >&5
configure:6937: $? = 0
configure:6941: ar cr libconftest.a @conftest.lst >&5
configure:6944: $? = 0
configure:6949: ar cr libconftest.a @conftest.lst >&5
ar: conftest.o: No such file or directory
configure:6952: $? = 1
configure:6965: result: @
configure:7029: checking for strip
configure:7050: found /usr/bin/strip
configure:7062: result: strip
configure:7140: checking for ranlib
configure:7161: found /usr/bin/ranlib
configure:7173: result: ranlib
configure:7275: checking command to parse /usr/bin/nm -B output from gcc object
configure:7429: gcc -c -g -O2 -Werror=implicit-function-declaration -ffile-prefix-map=/home/thread/dev/meld/git/threader/meld-1.8/deps/pygtksourceview_2.10.1/pygtksourceview-2.10.1=. -fstack-protector-strong -fstack-clash-protection -Wformat -Werror=format-security -fcf-protection -Wdate-time -D_FORTIFY_SOURCE=2 conftest.c >&5
configure:7432: $? = 0
configure:7436: /usr/bin/nm -B conftest.o | /usr/bin/sed -n -e 's/^.*[	 ]\([ABCDGIRSTW][ABCDGIRSTW]*\)[	 ][	 ]*\([_A-Za-z][_A-Za-z0-9]*\)$/\1 \2 \2/p' | /usr/bin/sed '/ __gnu_lto/d' > conftest.nm
configure:7502: gcc -o conftest -g -O2 -Werror=implicit-function-declaration -ffile-prefix-map=/home/thread/dev/meld/git/threader/meld-1.8/deps/pygtksourceview_2.10.1/pygtksourceview-2.10.1=. -fstack-protector-strong -fstack-clash-protection -Wformat -Werror=format-security -fcf-protection -Wdate-time -D_FORTIFY_SOURCE=2 -Wl,-z,relro conftest.c conftstm.o >&5
configure:7505: $? = 0
configure:7544: result: ok
configure:7591: checking for sysroot
configure:7623: result: no
configure:7630: checking for a working dd
configure:7675: result: /usr/bin/dd
configure:7679: checking how to truncate binary pipes
configure:7696: result: /usr/bin/dd bs=4096 count=1
configure:7833: gcc -c -g -O2 -Werror=implicit-function-declaration -ffile-prefix-map=/home/thread/dev/meld/git/threader/meld-1.8/deps/pygtksourceview_2.10.1/pygtksourceview-2.10.1=. -fstack-protector-strong -fstack-clash-protection -Wformat -Werror=format-security -fcf-protection -Wdate-time -D_FORTIFY_SOURCE=2 conftest.c >&5
configure:7836: $? = 0
configure:8036: checking for mt
configure:8057: found /usr/bin/mt
configure:8069: result: mt
configure:8092: checking if mt is a manifest tool
configure:8099: mt '-?'
configure:8108: result: no
configure:8847: checking for stdio.h
configure:8847: gcc -c -g -O2 -Werror=implicit-function-declaration -ffile-prefix-map=/home/thread/dev/meld/git/threader/meld-1.8/deps/pygtksourceview_2.10.1/pygtksourceview-2.10.1=. -fstack-protector-strong -fstack-clash-protection -Wformat -Werror=format-security -fcf-protection -Wdate-time -D_FORTIFY_SOURCE=2 conftest.c >&5
configure:8847: $? = 0
configure:8847: result: yes
configure:8847: checking for stdlib.h
configure:8847: gcc -c -g -O2 -Werror=implicit-function-declaration -ffile-prefix-map=/home/thread/dev/meld/git/threader/meld-1.8/deps/pygtksourceview_2.10.1/pygtksourceview-2.10.1=. -fstack-protector-strong -fstack-clash-protection -Wformat -Werror=format-security -fcf-protection -Wdate-time -D_FORTIFY_SOURCE=2 conftest.c >&5
configure:8847: $? = 0
configure:8847: result: yes
configure:8847: checking for string.h
configure:8847: gcc -c -g -O2 -Werror=implicit-function-declaration -ffile-prefix-map=/home/thread/dev/meld/git/threader/meld-1.8/deps/pygtksourceview_2.10.1/pygtksourceview-2.10.1=. -fstack-protector-strong -fstack-clash-protection -Wformat -Werror=format-security -fcf-protection -Wdate-time -D_FORTIFY_SOURCE=2 conftest.c >&5
configure:8847: $? = 0
configure:8847: result: yes
configure:8847: checking for inttypes.h
configure:8847: gcc -c -g -O2 -Werror=implicit-function-declaration -ffile-prefix-map=/home/thread/dev/meld/git/threader/meld-1.8/deps/pygtksourceview_2.10.1/pygtksourceview-2.10.1=. -fstack-protector-strong -fstack-clash-protection -Wformat -Werror=format-security -fcf-protection -Wdate-time -D_FORTIFY_SOURCE=2 conftest.c >&5
configure:8847: $? = 0
configure:8847: result: yes
configure:8847: checking for stdint.h
configure:8847: gcc -c -g -O2 -Werror=implicit-function-declaration -ffile-prefix-map=/home/thread/dev/meld/git/threader/meld-1.8/deps/pygtksourceview_2.10.1/pygtksourceview-2.10.1=. -fstack-protector-strong -fstack-clash-protection -Wformat -Werror=format-security -fcf-protection -Wdate-time -D_FORTIFY_SOURCE=2 conftest.c >&5
configure:8847: $? = 0
configure:8847: result: yes
configure:8847: checking for strings.h
configure:8847: gcc -c -g -O2 -Werror=implicit-function-declaration -ffile-prefix-map=/home/thread/dev/meld/git/threader/meld-1.8/deps/pygtksourceview_2.10.1/pygtksourceview-2.10.1=. -fstack-protector-strong -fstack-clash-protection -Wformat -Werror=format-security -fcf-protection -Wdate-time -D_FORTIFY_SOURCE=2 conftest.c >&5
configure:8847: $? = 0
configure:8847: result: yes
configure:8847: checking for sys/stat.h
configure:8847: gcc -c -g -O2 -Werror=implicit-function-declaration -ffile-prefix-map=/home/thread/dev/meld/git/threader/meld-1.8/deps/pygtksourceview_2.10.1/pygtksourceview-2.10.1=. -fstack-protector-strong -fstack-clash-protection -Wformat -Werror=format-security -fcf-protection -Wdate-time -D_FORTIFY_SOURCE=2 conftest.c >&5
configure:8847: $? = 0
configure:8847: result: yes
configure:8847: checking for sys/types.h
configure:8847: gcc -c -g -O2 -Werror=implicit-function-declaration -ffile-prefix-map=/home/thread/dev/meld/git/threader/meld-1.8/deps/pygtksourceview_2.10.1/pygtksourceview-2.10.1=. -fstack-protector-strong -fstack-clash-protection -Wformat -Werror=format-security -fcf-protection -Wdate-time -D_FORTIFY_SOURCE=2 conftest.c >&5
configure:8847: $? = 0
configure:8847: result: yes
configure:8847: checking for unistd.h
configure:8847: gcc -c -g -O2 -Werror=implicit-function-declaration -ffile-prefix-map=/home/thread/dev/meld/git/threader/meld-1.8/deps/pygtksourceview_2.10.1/pygtksourceview-2.10.1=. -fstack-protector-strong -fstack-clash-protection -Wformat -Werror=format-security -fcf-protection -Wdate-time -D_FORTIFY_SOURCE=2 conftest.c >&5
configure:8847: $? = 0
configure:8847: result: yes
configure:8872: checking for dlfcn.h
configure:8872: gcc -c -g -O2 -Werror=implicit-function-declaration -ffile-prefix-map=/home/thread/dev/meld/git/threader/meld-1.8/deps/pygtksourceview_2.10.1/pygtksourceview-2.10.1=. -fstack-protector-strong -fstack-clash-protection -Wformat -Werror=format-security -fcf-protection -Wdate-time -D_FORTIFY_SOURCE=2 conftest.c >&5
configure:8872: $? = 0
configure:8872: result: yes
configure:9103: checking for objdir
configure:9120: result: .libs
configure:9382: checking if gcc supports -fno-rtti -fno-exceptions
configure:9401: gcc -c -g -O2 -Werror=implicit-function-declaration -ffile-prefix-map=/home/thread/dev/meld/git/threader/meld-1.8/deps/pygtksourceview_2.10.1/pygtksourceview-2.10.1=. -fstack-protector-strong -fstack-clash-protection -Wformat -Werror=format-security -fcf-protection -Wdate-time -D_FORTIFY_SOURCE=2 -fno-rtti -fno-exceptions conftest.c >&5
cc1: warning: command-line option '-fno-rtti' is valid for C++/D/ObjC++ but not for C
configure:9405: $? = 0
configure:9419: result: no
configure:9783: checking for gcc option to produce PIC
configure:9792: result: -fPIC -DPIC
configure:9800: checking if gcc PIC flag -fPIC -DPIC works
configure:9819: gcc -c -g -O2 -Werror=implicit-function-declaration -ffile-prefix-map=/home/thread/dev/meld/git/threader/meld-1.8/deps/pygtksourceview_2.10.1/pygtksourceview-2.10.1=. -fstack-protector-strong -fstack-clash-protection -Wformat -Werror=format-security -fcf-protection -Wdate-time -D_FORTIFY_SOURCE=2 -fPIC -DPIC -DPIC conftest.c >&5
configure:9823: $? = 0
configure:9837: result: yes
configure:9866: checking if gcc static flag -static works
configure:9896: result: yes
configure:9911: checking if gcc supports -c -o file.o
configure:9933: gcc -c -g -O2 -Werror=implicit-function-declaration -ffile-prefix-map=/home/thread/dev/meld/git/threader/meld-1.8/deps/pygtksourceview_2.10.1/pygtksourceview-2.10.1=. -fstack-protector-strong -fstack-clash-protection -Wformat -Werror=format-security -fcf-protection -Wdate-time -D_FORTIFY_SOURCE=2 -o out/conftest2.o conftest.c >&5
configure:9937: $? = 0
configure:9960: result: yes
configure:9968: checking if gcc supports -c -o file.o
configure:10017: result: yes
configure:10050: checking whether the gcc linker (/usr/bin/ld -m elf_x86_64) supports shared libraries
configure:11329: result: yes
configure:11366: checking whether -lc should be explicitly linked in
configure:11375: gcc -c -g -O2 -Werror=implicit-function-declaration -ffile-prefix-map=/home/thread/dev/meld/git/threader/meld-1.8/deps/pygtksourceview_2.10.1/pygtksourceview-2.10.1=. -fstack-protector-strong -fstack-clash-protection -Wformat -Werror=format-security -fcf-protection -Wdate-time -D_FORTIFY_SOURCE=2 conftest.c >&5
configure:11378: $? = 0
configure:11393: gcc -shared  -fPIC -DPIC conftest.o  -v -Wl,-soname -Wl,conftest -o conftest 2\>\&1 \| /usr/bin/grep  -lc  \>/dev/null 2\>\&1
configure:11396: $? = 0
configure:11411: result: no
configure:11571: checking dynamic linker characteristics
configure:12153: gcc -o conftest -g -O2 -Werror=implicit-function-declaration -ffile-prefix-map=/home/thread/dev/meld/git/threader/meld-1.8/deps/pygtksourceview_2.10.1/pygtksourceview-2.10.1=. -fstack-protector-strong -fstack-clash-protection -Wformat -Werror=format-security -fcf-protection -Wdate-time -D_FORTIFY_SOURCE=2 -Wl,-z,relro -Wl,-rpath -Wl,/foo conftest.c  >&5
configure:12153: $? = 0
configure:12405: result: GNU/Linux ld.so
configure:12527: checking how to hardcode library paths into programs
configure:12552: result: immediate
configure:13152: checking whether stripping libraries is possible
configure:13161: result: yes
configure:13203: checking if libtool supports shared libraries
configure:13205: result: yes
configure:13208: checking whether to build shared libraries
configure:13233: result: yes
configure:13236: checking whether to build static libraries
configure:13240: result: no
configure:13279: creating ./config.lt

## ------------------ ##
## Running config.lt. ##
## ------------------ ##
config.lt:626: creating libtool
configure:14811: checking for a Python interpreter with version >= 2.2
configure:14829: python -c import sys # split strings by '.' and convert to numeric. Append some zeros # because we need at least 4 digits for the hex conversion. # map returns an iterator in Python 3.0 and a list in 2.x minver = list(map(int, '2.2'.split('.'))) + [0, 0, 0] minverhex = 0 # xrange is not present in Python 3.0 and range returns an iterator for i in list(range(0, 4)): minverhex = (minverhex << 8) + minver[i] sys.exit(sys.hexversion < minverhex)
configure:14832: $? = 0
configure:14840: result: python
configure:14848: checking for python
configure:14871: found /usr/bin/python
configure:14884: result: /usr/bin/python
configure:14901: checking for python version
configure:14910: result: 3.12
configure:14915: checking for python platform
configure:14924: result: linux
configure:14987: checking for GNU default python prefix
configure:14989: result: ${prefix}
configure:15057: checking for GNU default python exec_prefix
configure:15059: result: ${exec_prefix}
configure:15092: checking for python script directory (pythondir)
configure:15135: result: ${PYTHON_PREFIX}/lib/python3.12/site-packages
configure:15143: checking for python extension module directory (pyexecdir)
configure:15186: result: ${PYTHON_EXEC_PREFIX}/lib/python3.12/site-packages
configure:15202: checking how to run the C preprocessor
configure:15228: gcc -E -Wdate-time -D_FORTIFY_SOURCE=2 conftest.c
configure:15228: $? = 0
configure:15244: gcc -E -Wdate-time -D_FORTIFY_SOURCE=2 conftest.c
conftest.c:26:10: fatal error: ac_nonexistent.h: No such file or directory
   26 | #include <ac_nonexistent.h>
      |          ^~~~~~~~~~~~~~~~~~
compilation terminated.
configure:15244: $? = 1
configure: failed program was:
| /* confdefs.h */
| #define PACKAGE_NAME "pygtksourceview"
| #define PACKAGE_TARNAME "pygtksourceview"
| #define PACKAGE_VERSION "2.10.1"
| #define PACKAGE_STRING "pygtksourceview 2.10.1"
| #define PACKAGE_BUGREPORT "http://bugzilla.gnome.org/browse.cgi?product=gtksourceview/"
| #define PACKAGE_URL ""
| #define PYGTKSOURCEVIEW_MAJOR_VERSION 2
| #define PYGTKSOURCEVIEW_MINOR_VERSION 10
| #define PYGTKSOURCEVIEW_MICRO_VERSION 1
| #define PACKAGE "pygtksourceview"
| #define VERSION "2.10.1"
| #define HAVE_STDIO_H 1
| #define HAVE_STDLIB_H 1
| #define HAVE_STRING_H 1
| #define HAVE_INTTYPES_H 1
| #define HAVE_STDINT_H 1
| #define HAVE_STRINGS_H 1
| #define HAVE_SYS_STAT_H 1
| #define HAVE_SYS_TYPES_H 1
| #define HAVE_UNISTD_H 1
| #define STDC_HEADERS 1
| #define HAVE_DLFCN_H 1
| #define LT_OBJDIR ".libs/"
| /* end confdefs.h.  */
| #include <ac_nonexistent.h>
configure:15273: result: gcc -E
configure:15287: gcc -E -Wdate-time -D_FORTIFY_SOURCE=2 conftest.c
configure:15287: $? = 0
configure:15303: gcc -E -Wdate-time -D_FORTIFY_SOURCE=2 conftest.c
conftest.c:26:10: fatal error: ac_nonexistent.h: No such file or directory
   26 | #include <ac_nonexistent.h>
      |          ^~~~~~~~~~~~~~~~~~
compilation terminated.
configure:15303: $? = 1
configure: failed program was:
| /* confdefs.h */
| #define PACKAGE_NAME "pygtksourceview"
| #define PACKAGE_TARNAME "pygtksourceview"
| #define PACKAGE_VERSION "2.10.1"
| #define PACKAGE_STRING "pygtksourceview 2.10.1"
| #define PACKAGE_BUGREPORT "http://bugzilla.gnome.org/browse.cgi?product=gtksourceview/"
| #define PACKAGE_URL ""
| #define PYGTKSOURCEVIEW_MAJOR_VERSION 2
| #define PYGTKSOURCEVIEW_MINOR_VERSION 10
| #define PYGTKSOURCEVIEW_MICRO_VERSION 1
| #define PACKAGE "pygtksourceview"
| #define VERSION "2.10.1"
| #define HAVE_STDIO_H 1
| #define HAVE_STDLIB_H 1
| #define HAVE_STRING_H 1
| #define HAVE_INTTYPES_H 1
| #define HAVE_STDINT_H 1
| #define HAVE_STRINGS_H 1
| #define HAVE_SYS_STAT_H 1
| #define HAVE_SYS_TYPES_H 1
| #define HAVE_UNISTD_H 1
| #define STDC_HEADERS 1
| #define HAVE_DLFCN_H 1
| #define LT_OBJDIR ".libs/"
| /* end confdefs.h.  */
| #include <ac_nonexistent.h>
configure:15337: checking for headers required to compile python extensions
configure:15352: gcc -E -Wdate-time -D_FORTIFY_SOURCE=2 -I/include/python3.12 conftest.c
conftest.c:26:10: fatal error: Python.h: No such file or directory
   26 | #include <Python.h>
      |          ^~~~~~~~~~
compilation terminated.
configure:15352: $? = 1
configure: failed program was:
| /* confdefs.h */
| #define PACKAGE_NAME "pygtksourceview"
| #define PACKAGE_TARNAME "pygtksourceview"
| #define PACKAGE_VERSION "2.10.1"
| #define PACKAGE_STRING "pygtksourceview 2.10.1"
| #define PACKAGE_BUGREPORT "http://bugzilla.gnome.org/browse.cgi?product=gtksourceview/"
| #define PACKAGE_URL ""
| #define PYGTKSOURCEVIEW_MAJOR_VERSION 2
| #define PYGTKSOURCEVIEW_MINOR_VERSION 10
| #define PYGTKSOURCEVIEW_MICRO_VERSION 1
| #define PACKAGE "pygtksourceview"
| #define VERSION "2.10.1"
| #define HAVE_STDIO_H 1
| #define HAVE_STDLIB_H 1
| #define HAVE_STRING_H 1
| #define HAVE_INTTYPES_H 1
| #define HAVE_STDINT_H 1
| #define HAVE_STRINGS_H 1
| #define HAVE_SYS_STAT_H 1
| #define HAVE_SYS_TYPES_H 1
| #define HAVE_UNISTD_H 1
| #define STDC_HEADERS 1
| #define HAVE_DLFCN_H 1
| #define LT_OBJDIR ".libs/"
| /* end confdefs.h.  */
| #include <Python.h>
configure:15358: result: not found
configure:15360: error: could not find Python headers

## ---------------- ##
## Cache variables. ##
## ---------------- ##

ac_cv_build=x86_64-pc-linux-gnu
ac_cv_c_compiler_gnu=yes
ac_cv_env_CC_set=
ac_cv_env_CC_value=
ac_cv_env_CFLAGS_set=set
ac_cv_env_CFLAGS_value='-g -O2 -Werror=implicit-function-declaration -ffile-prefix-map=/home/thread/dev/meld/git/threader/meld-1.8/deps/pygtksourceview_2.10.1/pygtksourceview-2.10.1=. -fstack-protector-strong -fstack-clash-protection -Wformat -Werror=format-security -fcf-protection'
ac_cv_env_CPPFLAGS_set=set
ac_cv_env_CPPFLAGS_value='-Wdate-time -D_FORTIFY_SOURCE=2'
ac_cv_env_CPP_set=
ac_cv_env_CPP_value=
ac_cv_env_GTKDOC_DEPS_CFLAGS_set=
ac_cv_env_GTKDOC_DEPS_CFLAGS_value=
ac_cv_env_GTKDOC_DEPS_LIBS_set=
ac_cv_env_GTKDOC_DEPS_LIBS_value=
ac_cv_env_LDFLAGS_set=set
ac_cv_env_LDFLAGS_value=-Wl,-z,relro
ac_cv_env_LIBS_set=
ac_cv_env_LIBS_value=
ac_cv_env_LT_SYS_LIBRARY_PATH_set=
ac_cv_env_LT_SYS_LIBRARY_PATH_value=
ac_cv_env_PKG_CONFIG_LIBDIR_set=
ac_cv_env_PKG_CONFIG_LIBDIR_value=
ac_cv_env_PKG_CONFIG_PATH_set=
ac_cv_env_PKG_CONFIG_PATH_value=
ac_cv_env_PKG_CONFIG_set=
ac_cv_env_PKG_CONFIG_value=
ac_cv_env_PYGOBJECT_CFLAGS_set=
ac_cv_env_PYGOBJECT_CFLAGS_value=
ac_cv_env_PYGOBJECT_LIBS_set=
ac_cv_env_PYGOBJECT_LIBS_value=
ac_cv_env_PYGTKSOURCEVIEW_CFLAGS_set=
ac_cv_env_PYGTKSOURCEVIEW_CFLAGS_value=
ac_cv_env_PYGTKSOURCEVIEW_LIBS_set=
ac_cv_env_PYGTKSOURCEVIEW_LIBS_value=
ac_cv_env_PYTHON_set=set
ac_cv_env_PYTHON_value=
ac_cv_env_build_alias_set=set
ac_cv_env_build_alias_value=x86_64-linux-gnu
ac_cv_env_host_alias_set=
ac_cv_env_host_alias_value=
ac_cv_env_target_alias_set=
ac_cv_env_target_alias_value=
ac_cv_header_dlfcn_h=yes
ac_cv_header_inttypes_h=yes
ac_cv_header_stdint_h=yes
ac_cv_header_stdio_h=yes
ac_cv_header_stdlib_h=yes
ac_cv_header_string_h=yes
ac_cv_header_strings_h=yes
ac_cv_header_sys_stat_h=yes
ac_cv_header_sys_types_h=yes
ac_cv_header_unistd_h=yes
ac_cv_host=x86_64-pc-linux-gnu
ac_cv_objext=o
ac_cv_path_EGREP='/usr/bin/grep -E'
ac_cv_path_EGREP_TRADITIONAL='/usr/bin/grep -E'
ac_cv_path_FGREP='/usr/bin/grep -F'
ac_cv_path_GREP=/usr/bin/grep
ac_cv_path_PYTHON=/usr/bin/python
ac_cv_path_SED=/usr/bin/sed
ac_cv_path_install='/usr/bin/install -c'
ac_cv_path_lt_DD=/usr/bin/dd
ac_cv_path_mkdir=/usr/bin/mkdir
ac_cv_prog_AWK=gawk
ac_cv_prog_CPP='gcc -E'
ac_cv_prog_ac_ct_AR=ar
ac_cv_prog_ac_ct_CC=gcc
ac_cv_prog_ac_ct_DLLTOOL=dlltool
ac_cv_prog_ac_ct_FILECMD=file
ac_cv_prog_ac_ct_MANIFEST_TOOL=mt
ac_cv_prog_ac_ct_OBJDUMP=objdump
ac_cv_prog_ac_ct_RANLIB=ranlib
ac_cv_prog_ac_ct_STRIP=strip
ac_cv_prog_cc_c11=
ac_cv_prog_cc_g=yes
ac_cv_prog_cc_stdc=
ac_cv_prog_make_make_set=yes
am_cv_CC_dependencies_compiler_type=none
am_cv_make_support_nested_variables=yes
am_cv_pathless_PYTHON=python
am_cv_prog_cc_c_o=yes
am_cv_python_platform=linux
am_cv_python_pyexecdir='${PYTHON_EXEC_PREFIX}/lib/python3.12/site-packages'
am_cv_python_pythondir='${PYTHON_PREFIX}/lib/python3.12/site-packages'
am_cv_python_version=3.12
lt_cv_ar_at_file=@
lt_cv_archive_cmds_need_lc=no
lt_cv_deplibs_check_method=pass_all
lt_cv_file_magic_cmd='$MAGIC_CMD'
lt_cv_file_magic_test_file=
lt_cv_ld_reload_flag=-r
lt_cv_nm_interface='BSD nm'
lt_cv_objdir=.libs
lt_cv_path_LD=/usr/bin/ld
lt_cv_path_NM='/usr/bin/nm -B'
lt_cv_path_mainfest_tool=no
lt_cv_prog_compiler_c_o=yes
lt_cv_prog_compiler_pic='-fPIC -DPIC'
lt_cv_prog_compiler_pic_works=yes
lt_cv_prog_compiler_rtti_exceptions=no
lt_cv_prog_compiler_static_works=yes
lt_cv_prog_gnu_ld=yes
lt_cv_sharedlib_from_linklib_cmd='printf %s\n'
lt_cv_shlibpath_overrides_runpath=yes
lt_cv_sys_global_symbol_pipe='/usr/bin/sed -n -e '\''s/^.*[	 ]\([ABCDGIRSTW][ABCDGIRSTW]*\)[	 ][	 ]*\([_A-Za-z][_A-Za-z0-9]*\)$/\1 \2 \2/p'\'' | /usr/bin/sed '\''/ __gnu_lto/d'\'''
lt_cv_sys_global_symbol_to_c_name_address='/usr/bin/sed -n -e '\''s/^: \(.*\) .*$/  {"\1", (void *) 0},/p'\'' -e '\''s/^[ABCDGIRSTW][ABCDGIRSTW]* .* \(.*\)$/  {"\1", (void *) \&\1},/p'\'''
lt_cv_sys_global_symbol_to_c_name_address_lib_prefix='/usr/bin/sed -n -e '\''s/^: \(.*\) .*$/  {"\1", (void *) 0},/p'\'' -e '\''s/^[ABCDGIRSTW][ABCDGIRSTW]* .* \(lib.*\)$/  {"\1", (void *) \&\1},/p'\'' -e '\''s/^[ABCDGIRSTW][ABCDGIRSTW]* .* \(.*\)$/  {"lib\1", (void *) \&\1},/p'\'''
lt_cv_sys_global_symbol_to_cdecl='/usr/bin/sed -n -e '\''s/^T .* \(.*\)$/extern int \1();/p'\'' -e '\''s/^[ABCDGIRSTW][ABCDGIRSTW]* .* \(.*\)$/extern char \1;/p'\'''
lt_cv_sys_global_symbol_to_import=
lt_cv_sys_max_cmd_len=1572864
lt_cv_to_host_file_cmd=func_convert_file_noop
lt_cv_to_tool_file_cmd=func_convert_file_noop
lt_cv_truncate_bin='/usr/bin/dd bs=4096 count=1'

## ----------------- ##
## Output variables. ##
## ----------------- ##

ACLOCAL='${SHELL} '\''/home/thread/dev/meld/git/threader/meld-1.8/deps/pygtksourceview_2.10.1/pygtksourceview-2.10.1/missing'\'' aclocal-1.16 '
AMDEPBACKSLASH=''
AMDEP_FALSE=''
AMDEP_TRUE='#'
AMTAR='$${TAR-tar}'
AM_BACKSLASH='\'
AM_DEFAULT_V='$(AM_DEFAULT_VERBOSITY)'
AM_DEFAULT_VERBOSITY='1'
AM_V='$(V)'
AR='ar'
AS='as'
AUTOCONF='${SHELL} '\''/home/thread/dev/meld/git/threader/meld-1.8/deps/pygtksourceview_2.10.1/pygtksourceview-2.10.1/missing'\'' autoconf'
AUTOHEADER='${SHELL} '\''/home/thread/dev/meld/git/threader/meld-1.8/deps/pygtksourceview_2.10.1/pygtksourceview-2.10.1/missing'\'' autoheader'
AUTOMAKE='${SHELL} '\''/home/thread/dev/meld/git/threader/meld-1.8/deps/pygtksourceview_2.10.1/pygtksourceview-2.10.1/missing'\'' automake-1.16'
AWK='gawk'
CC='gcc'
CCDEPMODE='depmode=none'
CFLAGS='-g -O2 -Werror=implicit-function-declaration -ffile-prefix-map=/home/thread/dev/meld/git/threader/meld-1.8/deps/pygtksourceview_2.10.1/pygtksourceview-2.10.1=. -fstack-protector-strong -fstack-clash-protection -Wformat -Werror=format-security -fcf-protection'
CODEGEN=''
CPP='gcc -E'
CPPFLAGS='-Wdate-time -D_FORTIFY_SOURCE=2 -I/include/python3.12'
CSCOPE='cscope'
CTAGS='ctags'
CYGPATH_W='echo'
DEFS=''
DEPDIR='.deps'
DLLTOOL='dlltool'
DSYMUTIL=''
DUMPBIN=''
ECHO_C=''
ECHO_N='-n'
ECHO_T=''
EGREP='/usr/bin/grep -E'
ENABLE_DOCS_FALSE=''
ENABLE_DOCS_TRUE=''
ENABLE_GTK_DOC_FALSE=''
ENABLE_GTK_DOC_TRUE=''
ETAGS='etags'
EXEEXT=''
FGREP='/usr/bin/grep -F'
FILECMD='file'
GREP='/usr/bin/grep'
GTKDOC_CHECK=''
GTKDOC_CHECK_PATH=''
GTKDOC_DEPS_CFLAGS=''
GTKDOC_DEPS_LIBS=''
GTKDOC_MKPDF=''
GTKDOC_REBASE=''
GTK_DOC_BUILD_HTML_FALSE=''
GTK_DOC_BUILD_HTML_TRUE=''
GTK_DOC_BUILD_PDF_FALSE=''
GTK_DOC_BUILD_PDF_TRUE=''
GTK_DOC_USE_LIBTOOL_FALSE=''
GTK_DOC_USE_LIBTOOL_TRUE=''
GTK_DOC_USE_REBASE_FALSE=''
GTK_DOC_USE_REBASE_TRUE=''
HAVE_GTK_DOC_FALSE=''
HAVE_GTK_DOC_TRUE=''
HTML_DIR=''
INSTALL_DATA='${INSTALL} -m 644'
INSTALL_PROGRAM='${INSTALL}'
INSTALL_SCRIPT='${INSTALL}'
INSTALL_STRIP_PROGRAM='$(install_sh) -c -s'
LD='/usr/bin/ld -m elf_x86_64'
LDFLAGS='-Wl,-z,relro'
LIBOBJS=''
LIBS=''
LIBTOOL='$(SHELL) $(top_builddir)/libtool'
LIPO=''
LN_S='ln -s'
LTLIBOBJS=''
LT_SYS_LIBRARY_PATH=''
MAKEINFO='${SHELL} '\''/home/thread/dev/meld/git/threader/meld-1.8/deps/pygtksourceview_2.10.1/pygtksourceview-2.10.1/missing'\'' makeinfo'
MANIFEST_TOOL=':'
MKDIR_P='/usr/bin/mkdir -p'
NM='/usr/bin/nm -B'
NMEDIT=''
OBJDUMP='objdump'
OBJEXT='o'
OS_WIN32_FALSE=''
OS_WIN32_TRUE='#'
OTOOL64=''
OTOOL=''
PACKAGE='pygtksourceview'
PACKAGE_BUGREPORT='http://bugzilla.gnome.org/browse.cgi?product=gtksourceview/'
PACKAGE_NAME='pygtksourceview'
PACKAGE_STRING='pygtksourceview 2.10.1'
PACKAGE_TARNAME='pygtksourceview'
PACKAGE_URL=''
PACKAGE_VERSION='2.10.1'
PATH_SEPARATOR=':'
PKG_CONFIG=''
PKG_CONFIG_LIBDIR=''
PKG_CONFIG_PATH=''
PLATFORM_WIN32_FALSE=''
PLATFORM_WIN32_TRUE='#'
PYGOBJECT_CFLAGS=''
PYGOBJECT_DATADIR=''
PYGOBJECT_FIXXREF=''
PYGOBJECT_INCLUDEDIR=''
PYGOBJECT_LIBS=''
PYGOBJECT_PYGDOCS=''
PYGTKSOURCEVIEW_CFLAGS=''
PYGTKSOURCEVIEW_LIBS=''
PYGTK_DATADIR=''
PYTHON='/usr/bin/python'
PYTHON_EXEC_PREFIX='${exec_prefix}'
PYTHON_EXTRA_LDFLAGS=''
PYTHON_EXTRA_LIBS=''
PYTHON_INCLUDES='-I/include/python3.12'
PYTHON_LDFLAGS=''
PYTHON_LIBS=''
PYTHON_PLATFORM='linux'
PYTHON_PREFIX='${prefix}'
PYTHON_VERSION='3.12'
RANLIB='ranlib'
SED='/usr/bin/sed'
SET_MAKE=''
SHELL='/bin/bash'
STRIP='strip'
VERSION='2.10.1'
XSLTPROC=''
ac_ct_AR='ar'
ac_ct_CC='gcc'
ac_ct_DUMPBIN=''
am__EXEEXT_FALSE=''
am__EXEEXT_TRUE=''
am__fastdepCC_FALSE=''
am__fastdepCC_TRUE='#'
am__include='include'
am__isrc=' -I$(srcdir)'
am__leading_dot='.'
am__nodep=''
am__quote=''
am__tar='$${TAR-tar} chof - "$$tardir"'
am__untar='$${TAR-tar} xf -'
bindir='${exec_prefix}/bin'
build='x86_64-pc-linux-gnu'
build_alias='x86_64-linux-gnu'
build_cpu='x86_64'
build_os='linux-gnu'
build_vendor='pc'
datadir='${datarootdir}'
datarootdir='${prefix}/share'
docdir='${datarootdir}/doc/${PACKAGE_TARNAME}'
dvidir='${docdir}'
exec_prefix='NONE'
host='x86_64-pc-linux-gnu'
host_alias=''
host_cpu='x86_64'
host_os='linux-gnu'
host_vendor='pc'
htmldir='${docdir}'
includedir='${prefix}/include'
infodir='${prefix}/share/info'
install_sh='${SHELL} /home/thread/dev/meld/git/threader/meld-1.8/deps/pygtksourceview_2.10.1/pygtksourceview-2.10.1/install-sh'
libdir='${exec_prefix}/lib'
libexecdir='${prefix}/lib/pygtksourceview'
localedir='${datarootdir}/locale'
localstatedir='/var'
mandir='${prefix}/share/man'
mkdir_p='$(MKDIR_P)'
oldincludedir='/usr/include'
pdfdir='${docdir}'
pkgpyexecdir='${pyexecdir}/pygtksourceview'
pkgpythondir='${pythondir}/pygtksourceview'
prefix='/usr'
program_transform_name='s,x,x,'
psdir='${docdir}'
pyexecdir='${PYTHON_EXEC_PREFIX}/lib/python3.12/site-packages'
pythondir='${PYTHON_PREFIX}/lib/python3.12/site-packages'
runstatedir='${localstatedir}/run'
sbindir='${exec_prefix}/sbin'
sharedstatedir='${prefix}/com'
sysconfdir='/etc'
target_alias=''

## ----------- ##
## confdefs.h. ##
## ----------- ##

/* confdefs.h */
#define PACKAGE_NAME "pygtksourceview"
#define PACKAGE_TARNAME "pygtksourceview"
#define PACKAGE_VERSION "2.10.1"
#define PACKAGE_STRING "pygtksourceview 2.10.1"
#define PACKAGE_BUGREPORT "http://bugzilla.gnome.org/browse.cgi?product=gtksourceview/"
#define PACKAGE_URL ""
#define PYGTKSOURCEVIEW_MAJOR_VERSION 2
#define PYGTKSOURCEVIEW_MINOR_VERSION 10
#define PYGTKSOURCEVIEW_MICRO_VERSION 1
#define PACKAGE "pygtksourceview"
#define VERSION "2.10.1"
#define HAVE_STDIO_H 1
#define HAVE_STDLIB_H 1
#define HAVE_STRING_H 1
#define HAVE_INTTYPES_H 1
#define HAVE_STDINT_H 1
#define HAVE_STRINGS_H 1
#define HAVE_SYS_STAT_H 1
#define HAVE_SYS_TYPES_H 1
#define HAVE_UNISTD_H 1
#define STDC_HEADERS 1
#define HAVE_DLFCN_H 1
#define LT_OBJDIR ".libs/"

configure: exit 1
